#
# There is insufficient memory for the Java Runtime Environment to continue.
# Native memory allocation (mmap) failed to map 89624576 bytes for committing reserved memory.
# Possible reasons:
#   The system is out of physical RAM or swap space
#   In 32 bit mode, the process size limit was hit
# Possible solutions:
#   Reduce memory load on the system
#   Increase physical memory or swap space
#   Check if swap backing store is full
#   Use 64 bit Java on a 64 bit OS
#   Decrease Java heap size (-Xmx/-Xms)
#   Decrease number of Java threads
#   Decrease Java thread stack sizes (-Xss)
#   Set larger code cache with -XX:ReservedCodeCacheSize=
# This output file may be truncated or incomplete.
#
#  Out of Memory Error (os_linux.cpp:2651), pid=25290, tid=0x00007f9c25ec7700
#
# JRE version: OpenJDK Runtime Environment (8.0_161-b14) (build 1.8.0_161-b14)
# Java VM: OpenJDK 64-Bit Server VM (25.161-b14 mixed mode linux-amd64 compressed oops)
# Failed to write core dump. Core dumps have been disabled. To enable core dumping, try "ulimit -c unlimited" before starting Java again
#

---------------  T H R E A D  ---------------

Current thread (0x00007f9c20083e60):  VMThread [stack: 0x00007f9c25dc7000,0x00007f9c25ec8000] [id=25320]

Stack: [0x00007f9c25dc7000,0x00007f9c25ec8000],  sp=0x00007f9c25ec6720,  free space=1021k
Native frames: (J=compiled Java code, j=interpreted, Vv=VM code, C=native code)
V  [libjvm.so+0xab448d]
V  [libjvm.so+0x4ec91a]
V  [libjvm.so+0x8b0e28]
V  [libjvm.so+0x8ab35e]
V  [libjvm.so+0xab1244]
V  [libjvm.so+0x5da9cd]
V  [libjvm.so+0x5dad5e]
V  [libjvm.so+0x5dae58]
V  [libjvm.so+0x47c5a5]
V  [libjvm.so+0x47cf03]
V  [libjvm.so+0xab5441]
V  [libjvm.so+0xaba807]
V  [libjvm.so+0xab9118]
V  [libjvm.so+0xab95e9]
V  [libjvm.so+0xab9a41]
V  [libjvm.so+0x8ae182]

VM_Operation (0x00007f9c0a567350): GenCollectForAllocation, mode: safepoint, requested by thread 0x00007f9c208ad600


---------------  P R O C E S S  ---------------

Java Threads: ( => current thread )
  0x000000000113c6c0 JavaThread "communication thread" daemon [_thread_blocked, id=25409, stack(0x00007f9c0a367000,0x00007f9c0a468000)]
  0x0000000001116760 JavaThread "org.apache.hadoop.hdfs.PeerCache@62626c62" daemon [_thread_blocked, id=25384, stack(0x00007f9c09f65000,0x00007f9c0a066000)]
  0x00007f9c208ad600 JavaThread "LocalJobRunner Map Task Executor #0" [_thread_blocked, id=25376, stack(0x00007f9c0a468000,0x00007f9c0a569000)]
  0x00007f9c219ec4f0 JavaThread "Thread-23" [_thread_blocked, id=25375, stack(0x00007f9c0bdfe000,0x00007f9c0beff000)]
  0x00007f9c21844080 JavaThread "IPC Parameter Sending Thread #0" daemon [_thread_blocked, id=25336, stack(0x00007f9c0beff000,0x00007f9c0c000000)]
  0x00007f9c21846ea0 JavaThread "IPC Client (1987169128) connection to localhost/127.0.0.1:9000 from ec2-user" daemon [_thread_blocked, id=25335, stack(0x00007f9c100cd000,0x00007f9c101ce000)]
  0x00007f9c2181cf70 JavaThread "Timer for 'JobTracker' metrics system" daemon [_thread_blocked, id=25334, stack(0x00007f9c2400b000,0x00007f9c2410c000)]
  0x00007f9c21478ee0 JavaThread "org.apache.hadoop.fs.FileSystem$Statistics$StatisticsDataReferenceCleaner" daemon [_thread_blocked, id=25331, stack(0x00007f9c24924000,0x00007f9c24a25000)]
  0x00007f9c212af760 JavaThread "process reaper" daemon [_thread_blocked, id=25329, stack(0x00007f9c24e7a000,0x00007f9c24eb3000)]
  0x00007f9c200cd350 JavaThread "Service Thread" daemon [_thread_blocked, id=25326, stack(0x00007f9c257c1000,0x00007f9c258c2000)]
  0x00007f9c200be140 JavaThread "C1 CompilerThread1" daemon [_thread_blocked, id=25325, stack(0x00007f9c258c2000,0x00007f9c259c3000)]
  0x00007f9c200bc5a0 JavaThread "C2 CompilerThread0" daemon [_thread_blocked, id=25324, stack(0x00007f9c259c3000,0x00007f9c25ac4000)]
  0x00007f9c200bac40 JavaThread "Signal Dispatcher" daemon [_thread_blocked, id=25323, stack(0x00007f9c25ac4000,0x00007f9c25bc5000)]
  0x00007f9c20091520 JavaThread "Finalizer" daemon [_thread_blocked, id=25322, stack(0x00007f9c25bc5000,0x00007f9c25cc6000)]
  0x00007f9c2008d2e0 JavaThread "Reference Handler" daemon [_thread_blocked, id=25321, stack(0x00007f9c25cc6000,0x00007f9c25dc7000)]
  0x00007f9c20012420 JavaThread "main" [_thread_blocked, id=25319, stack(0x00007f9c29d85000,0x00007f9c29e86000)]

Other Threads:
=>0x00007f9c20083e60 VMThread [stack: 0x00007f9c25dc7000,0x00007f9c25ec8000] [id=25320]
  0x00007f9c20024390 WatcherThread [stack: 0x00007f9c256c0000,0x00007f9c257c1000] [id=25327]

VM state:at safepoint (normal execution)

VM Mutex/Monitor currently owned by a thread:  ([mutex/lock_event])
[0x00007f9c2000ff00] Threads_lock - owner thread: 0x00007f9c20083e60
[0x00007f9c20010400] Heap_lock - owner thread: 0x00007f9c208ad600

Heap:
 def new generation   total 37440K, used 0K [0x00000000f0600000, 0x00000000f2ea0000, 0x00000000f5950000)
  eden space 33280K,   0% used [0x00000000f0600000, 0x00000000f0600000, 0x00000000f2680000)
  from space 4160K,   0% used [0x00000000f2680000, 0x00000000f2680000, 0x00000000f2a90000)
  to   space 4160K,   0% used [0x00000000f2a90000, 0x00000000f2a90000, 0x00000000f2ea0000)
 tenured generation   total 83164K, used 11206K [0x00000000f5950000, 0x00000000faa87000, 0x0000000100000000)
   the space 83164K,  13% used [0x00000000f5950000, 0x00000000f6441b40, 0x00000000f6441c00, 0x00000000faa87000)
 Metaspace       used 30825K, capacity 31128K, committed 31360K, reserved 1077248K
  class space    used 3310K, capacity 3415K, committed 3456K, reserved 1048576K

Card table byte_map: [0x00007f9c29cff000,0x00007f9c29d7d000] byte_map_base: 0x00007f9c2957c000

Polling page: 0x00007f9c29e8f000

CodeCache: size=245760Kb used=6482Kb max_used=6641Kb free=239277Kb
 bounds [0x00007f9c11000000, 0x00007f9c11690000, 0x00007f9c20000000]
 total_blobs=2422 nmethods=1896 adapters=440
 compilation: enabled

Compilation events (10 events):
Event: 5.952 Thread 0x00007f9c200be140 nmethod 2045 0x00007f9c11273350 code [0x00007f9c112734a0, 0x00007f9c11273590]
Event: 5.952 Thread 0x00007f9c200be140 2047       3       sun.util.locale.BaseLocale::equals (71 bytes)
Event: 5.952 Thread 0x00007f9c200be140 nmethod 2047 0x00007f9c11286150 code [0x00007f9c112862e0, 0x00007f9c112867d0]
Event: 5.952 Thread 0x00007f9c200be140 2046       3       java.util.ResourceBundle$CacheKey::access$600 (5 bytes)
Event: 5.952 Thread 0x00007f9c200be140 nmethod 2046 0x00007f9c11132890 code [0x00007f9c111329e0, 0x00007f9c11132b30]
Event: 5.953 Thread 0x00007f9c200bc5a0 2038 %     4       java.net.URI::needsNormalization @ 123 (184 bytes)
Event: 5.959 Thread 0x00007f9c200be140 2048       1       javax.security.auth.Subject::getPrincipals (5 bytes)
Event: 5.959 Thread 0x00007f9c200be140 nmethod 2048 0x00007f9c11132550 code [0x00007f9c111326a0, 0x00007f9c111327b0]
Event: 5.960 Thread 0x00007f9c200be140 2050       3       java.util.regex.Matcher::start (22 bytes)
Event: 5.960 Thread 0x00007f9c200be140 nmethod 2050 0x00007f9c11309d50 code [0x00007f9c11309ec0, 0x00007f9c1130a100]

GC Heap History (10 events):
Event: 4.999 GC heap before
{Heap before GC invocations=61 (full 3):
 def new generation   total 8960K, used 8574K [0x00000000f0600000, 0x00000000f0fb0000, 0x00000000f5950000)
  eden space 8000K, 100% used [0x00000000f0600000, 0x00000000f0dd0000, 0x00000000f0dd0000)
  from space 960K,  59% used [0x00000000f0dd0000, 0x00000000f0e5fa98, 0x00000000f0ec0000)
  to   space 960K,   0% used [0x00000000f0ec0000, 0x00000000f0ec0000, 0x00000000f0fb0000)
 tenured generation   total 122192K, used 114344K [0x00000000f5950000, 0x00000000fd0a4000, 0x0000000100000000)
   the space 122192K,  93% used [0x00000000f5950000, 0x00000000fc8fa258, 0x00000000fc8fa400, 0x00000000fd0a4000)
 Metaspace       used 30444K, capacity 30680K, committed 31104K, reserved 1077248K
  class space    used 3271K, capacity 3351K, committed 3456K, reserved 1048576K
Event: 5.000 GC heap after
Heap after GC invocations=62 (full 3):
 def new generation   total 8960K, used 32K [0x00000000f0600000, 0x00000000f0fb0000, 0x00000000f5950000)
  eden space 8000K,   0% used [0x00000000f0600000, 0x00000000f0600000, 0x00000000f0dd0000)
  from space 960K,   3% used [0x00000000f0ec0000, 0x00000000f0ec8340, 0x00000000f0fb0000)
  to   space 960K,   0% used [0x00000000f0dd0000, 0x00000000f0dd0000, 0x00000000f0ec0000)
 tenured generation   total 122192K, used 114387K [0x00000000f5950000, 0x00000000fd0a4000, 0x0000000100000000)
   the space 122192K,  93% used [0x00000000f5950000, 0x00000000fc904d78, 0x00000000fc904e00, 0x00000000fd0a4000)
 Metaspace       used 30444K, capacity 30680K, committed 31104K, reserved 1077248K
  class space    used 3271K, capacity 3351K, committed 3456K, reserved 1048576K
}
Event: 5.067 GC heap before
{Heap before GC invocations=62 (full 3):
 def new generation   total 8960K, used 8032K [0x00000000f0600000, 0x00000000f0fb0000, 0x00000000f5950000)
  eden space 8000K, 100% used [0x00000000f0600000, 0x00000000f0dd0000, 0x00000000f0dd0000)
  from space 960K,   3% used [0x00000000f0ec0000, 0x00000000f0ec8340, 0x00000000f0fb0000)
  to   space 960K,   0% used [0x00000000f0dd0000, 0x00000000f0dd0000, 0x00000000f0ec0000)
 tenured generation   total 122192K, used 114387K [0x00000000f5950000, 0x00000000fd0a4000, 0x0000000100000000)
   the space 122192K,  93% used [0x00000000f5950000, 0x00000000fc904d78, 0x00000000fc904e00, 0x00000000fd0a4000)
 Metaspace       used 30474K, capacity 30744K, committed 31104K, reserved 1077248K
  class space    used 3275K, capacity 3351K, committed 3456K, reserved 1048576K
Event: 5.068 GC heap after
Heap after GC invocations=63 (full 3):
 def new generation   total 8960K, used 32K [0x00000000f0600000, 0x00000000f0fb0000, 0x00000000f5950000)
  eden space 8000K,   0% used [0x00000000f0600000, 0x00000000f0600000, 0x00000000f0dd0000)
  from space 960K,   3% used [0x00000000f0dd0000, 0x00000000f0dd8158, 0x00000000f0ec0000)
  to   space 960K,   0% used [0x00000000f0ec0000, 0x00000000f0ec0000, 0x00000000f0fb0000)
 tenured generation   total 122192K, used 114387K [0x00000000f5950000, 0x00000000fd0a4000, 0x0000000100000000)
   the space 122192K,  93% used [0x00000000f5950000, 0x00000000fc904d78, 0x00000000fc904e00, 0x00000000fd0a4000)
 Metaspace       used 30474K, capacity 30744K, committed 31104K, reserved 1077248K
  class space    used 3275K, capacity 3351K, committed 3456K, reserved 1048576K
}
Event: 5.395 GC heap before
{Heap before GC invocations=63 (full 3):
 def new generation   total 8960K, used 4544K [0x00000000f0600000, 0x00000000f0fb0000, 0x00000000f5950000)
  eden space 8000K,  56% used [0x00000000f0600000, 0x00000000f0a67f18, 0x00000000f0dd0000)
  from space 960K,   3% used [0x00000000f0dd0000, 0x00000000f0dd8158, 0x00000000f0ec0000)
  to   space 960K,   0% used [0x00000000f0ec0000, 0x00000000f0ec0000, 0x00000000f0fb0000)
 tenured generation   total 122192K, used 114387K [0x00000000f5950000, 0x00000000fd0a4000, 0x0000000100000000)
   the space 122192K,  93% used [0x00000000f5950000, 0x00000000fc904d78, 0x00000000fc904e00, 0x00000000fd0a4000)
 Metaspace       used 30746K, capacity 31064K, committed 31360K, reserved 1077248K
  class space    used 3310K, capacity 3415K, committed 3456K, reserved 1048576K
Event: 5.437 GC heap after
Heap after GC invocations=64 (full 4):
 def new generation   total 55040K, used 0K [0x00000000f0600000, 0x00000000f41b0000, 0x00000000f5950000)
  eden space 48960K,   0% used [0x00000000f0600000, 0x00000000f0600000, 0x00000000f35d0000)
  from space 6080K,   0% used [0x00000000f35d0000, 0x00000000f35d0000, 0x00000000f3bc0000)
  to   space 6080K,   0% used [0x00000000f3bc0000, 0x00000000f3bc0000, 0x00000000f41b0000)
 tenured generation   total 122192K, used 11320K [0x00000000f5950000, 0x00000000fd0a4000, 0x0000000100000000)
   the space 122192K,   9% used [0x00000000f5950000, 0x00000000f645e360, 0x00000000f645e400, 0x00000000fd0a4000)
 Metaspace       used 30746K, capacity 31064K, committed 31360K, reserved 1077248K
  class space    used 3310K, capacity 3415K, committed 3456K, reserved 1048576K
}
Event: 5.714 GC heap before
{Heap before GC invocations=64 (full 4):
 def new generation   total 55040K, used 17769K [0x00000000f0600000, 0x00000000f41b0000, 0x00000000f5950000)
  eden space 48960K,  36% used [0x00000000f0600000, 0x00000000f175a420, 0x00000000f35d0000)
  from space 6080K,   0% used [0x00000000f35d0000, 0x00000000f35d0000, 0x00000000f3bc0000)
  to   space 6080K,   0% used [0x00000000f3bc0000, 0x00000000f3bc0000, 0x00000000f41b0000)
 tenured generation   total 122192K, used 113720K [0x00000000f5950000, 0x00000000fd0a4000, 0x0000000100000000)
   the space 122192K,  93% used [0x00000000f5950000, 0x00000000fc85e370, 0x00000000fc85e400, 0x00000000fd0a4000)
 Metaspace       used 30808K, capacity 31064K, committed 31360K, reserved 1077248K
  class space    used 3310K, capacity 3415K, committed 3456K, reserved 1048576K
Event: 5.753 GC heap after
Heap after GC invocations=65 (full 5):
 def new generation   total 51264K, used 0K [0x00000000f0600000, 0x00000000f3d90000, 0x00000000f5950000)
  eden space 45632K,   0% used [0x00000000f0600000, 0x00000000f0600000, 0x00000000f3290000)
  from space 5632K,   0% used [0x00000000f3290000, 0x00000000f3290000, 0x00000000f3810000)
  to   space 5632K,   0% used [0x00000000f3810000, 0x00000000f3810000, 0x00000000f3d90000)
 tenured generation   total 113700K, used 11177K [0x00000000f5950000, 0x00000000fc859000, 0x0000000100000000)
   the space 113700K,   9% used [0x00000000f5950000, 0x00000000f643a610, 0x00000000f643a800, 0x00000000fc859000)
 Metaspace       used 30808K, capacity 31064K, committed 31360K, reserved 1077248K
  class space    used 3310K, capacity 3415K, committed 3456K, reserved 1048576K
}
Event: 5.964 GC heap before
{Heap before GC invocations=65 (full 5):
 def new generation   total 51264K, used 16294K [0x00000000f0600000, 0x00000000f3d90000, 0x00000000f5950000)
  eden space 45632K,  35% used [0x00000000f0600000, 0x00000000f15e9a60, 0x00000000f3290000)
  from space 5632K,   0% used [0x00000000f3290000, 0x00000000f3290000, 0x00000000f3810000)
  to   space 5632K,   0% used [0x00000000f3810000, 0x00000000f3810000, 0x00000000f3d90000)
 tenured generation   total 113700K, used 113577K [0x00000000f5950000, 0x00000000fc859000, 0x0000000100000000)
   the space 113700K,  99% used [0x00000000f5950000, 0x00000000fc83a620, 0x00000000fc83a800, 0x00000000fc859000)
 Metaspace       used 30825K, capacity 31128K, committed 31360K, reserved 1077248K
  class space    used 3310K, capacity 3415K, committed 3456K, reserved 1048576K
Event: 6.002 GC heap after
Heap after GC invocations=66 (full 6):
 def new generation   total 37440K, used 0K [0x00000000f0600000, 0x00000000f2ea0000, 0x00000000f5950000)
  eden space 33280K,   0% used [0x00000000f0600000, 0x00000000f0600000, 0x00000000f2680000)
  from space 4160K,   0% used [0x00000000f2680000, 0x00000000f2680000, 0x00000000f2a90000)
  to   space 4160K,   0% used [0x00000000f2a90000, 0x00000000f2a90000, 0x00000000f2ea0000)
 tenured generation   total 83164K, used 11206K [0x00000000f5950000, 0x00000000faa87000, 0x0000000100000000)
   the space 83164K,  13% used [0x00000000f5950000, 0x00000000f6441b40, 0x00000000f6441c00, 0x00000000faa87000)
 Metaspace       used 30825K, capacity 31128K, committed 31360K, reserved 1077248K
  class space    used 3310K, capacity 3415K, committed 3456K, reserved 1048576K
}

Deoptimization events (10 events):
Event: 4.828 Thread 0x00007f9c208ad600 Uncommon trap: reason=class_check action=maybe_recompile pc=0x00007f9c1141b74c method=java.io.DataOutputStream.write(I)V @ 5
Event: 4.840 Thread 0x00007f9c208ad600 Uncommon trap: reason=unstable_if action=reinterpret pc=0x00007f9c115cdf44 method=com.google.protobuf.CodedInputStream.isAtEnd()Z @ 16
Event: 4.875 Thread 0x00007f9c208ad600 Uncommon trap: reason=unstable_if action=reinterpret pc=0x00007f9c1152d5a0 method=sun.nio.cs.UTF_8$Encoder.encodeArrayLoop(Ljava/nio/CharBuffer;Ljava/nio/ByteBuffer;)Ljava/nio/charset/CoderResult; @ 87
Event: 4.875 Thread 0x00007f9c208ad600 Uncommon trap: reason=unstable_if action=reinterpret pc=0x00007f9c1152a7a4 method=java.nio.charset.CharsetEncoder.encode(Ljava/nio/CharBuffer;Ljava/nio/ByteBuffer;Z)Ljava/nio/charset/CoderResult; @ 23
Event: 5.062 Thread 0x00007f9c208ad600 Uncommon trap: reason=bimorphic action=maybe_recompile pc=0x00007f9c11644510 method=org.apache.hadoop.io.WritableUtils.writeVLong(Ljava/io/DataOutput;J)V @ 20
Event: 5.062 Thread 0x00007f9c208ad600 Uncommon trap: reason=bimorphic action=maybe_recompile pc=0x00007f9c11644510 method=org.apache.hadoop.io.WritableUtils.writeVLong(Ljava/io/DataOutput;J)V @ 20
Event: 5.062 Thread 0x00007f9c208ad600 Uncommon trap: reason=bimorphic action=maybe_recompile pc=0x00007f9c11644510 method=org.apache.hadoop.io.WritableUtils.writeVLong(Ljava/io/DataOutput;J)V @ 20
Event: 5.062 Thread 0x00007f9c208ad600 Uncommon trap: reason=bimorphic action=maybe_recompile pc=0x00007f9c11644510 method=org.apache.hadoop.io.WritableUtils.writeVLong(Ljava/io/DataOutput;J)V @ 20
Event: 5.464 Thread 0x00007f9c208ad600 Uncommon trap: reason=bimorphic action=maybe_recompile pc=0x00007f9c114060dc method=java.io.DataOutputStream.writeShort(I)V @ 12
Event: 5.786 Thread 0x00007f9c208ad600 Uncommon trap: reason=bimorphic action=maybe_recompile pc=0x00007f9c114060dc method=java.io.DataOutputStream.writeShort(I)V @ 12

Classes redefined (0 events):
No events

Internal exceptions (10 events):
Event: 1.670 Thread 0x00007f9c20012420 Exception <a 'java/lang/ArrayIndexOutOfBoundsException'> (0x00000000f07e05c0) thrown at [/builddir/build/BUILD/java-1.8.0-openjdk-1.8.0.161-0.b14.36.amzn1.x86_64/openjdk/hotspot/src/share/vm/runtime/sharedRuntime.cpp, line 619]
Event: 2.921 Thread 0x00007f9c20012420 Exception <a 'java/lang/ClassNotFoundException': org/apache/commons/configuration2/PropertiesConfigurationBeanInfo> (0x00000000f060cc18) thrown at [/builddir/build/BUILD/java-1.8.0-openjdk-1.8.0.161-0.b14.36.amzn1.x86_64/openjdk/hotspot/src/share/vm/class
Event: 2.922 Thread 0x00007f9c20012420 Exception <a 'java/lang/ClassNotFoundException': org/apache/commons/configuration2/BaseConfigurationBeanInfo> (0x00000000f064e208) thrown at [/builddir/build/BUILD/java-1.8.0-openjdk-1.8.0.161-0.b14.36.amzn1.x86_64/openjdk/hotspot/src/share/vm/classfile/s
Event: 2.922 Thread 0x00007f9c20012420 Exception <a 'java/lang/ClassNotFoundException': org/apache/commons/configuration2/AbstractConfigurationBeanInfo> (0x00000000f06922b0) thrown at [/builddir/build/BUILD/java-1.8.0-openjdk-1.8.0.161-0.b14.36.amzn1.x86_64/openjdk/hotspot/src/share/vm/classfi
Event: 2.923 Thread 0x00007f9c20012420 Exception <a 'java/lang/ClassNotFoundException': org/apache/commons/configuration2/event/BaseEventSourceBeanInfo> (0x00000000f06d62e0) thrown at [/builddir/build/BUILD/java-1.8.0-openjdk-1.8.0.161-0.b14.36.amzn1.x86_64/openjdk/hotspot/src/share/vm/classfi
Event: 2.924 Thread 0x00007f9c20012420 Exception <a 'java/lang/ClassNotFoundException': org/apache/commons/configuration2/event/BaseEventSourceCustomizer> (0x00000000f071b4e8) thrown at [/builddir/build/BUILD/java-1.8.0-openjdk-1.8.0.161-0.b14.36.amzn1.x86_64/openjdk/hotspot/src/share/vm/class
Event: 2.932 Thread 0x00007f9c20012420 Exception <a 'java/lang/ClassNotFoundException': org/apache/commons/configuration2/AbstractConfigurationCustomizer> (0x00000000f0778680) thrown at [/builddir/build/BUILD/java-1.8.0-openjdk-1.8.0.161-0.b14.36.amzn1.x86_64/openjdk/hotspot/src/share/vm/class
Event: 2.943 Thread 0x00007f9c20012420 Exception <a 'java/lang/ClassNotFoundException': org/apache/commons/configuration2/BaseConfigurationCustomizer> (0x00000000f081eb80) thrown at [/builddir/build/BUILD/java-1.8.0-openjdk-1.8.0.161-0.b14.36.amzn1.x86_64/openjdk/hotspot/src/share/vm/classfile
Event: 2.944 Thread 0x00007f9c20012420 Exception <a 'java/lang/ClassNotFoundException': org/apache/commons/configuration2/PropertiesConfigurationCustomizer> (0x00000000f0873d30) thrown at [/builddir/build/BUILD/java-1.8.0-openjdk-1.8.0.161-0.b14.36.amzn1.x86_64/openjdk/hotspot/src/share/vm/cla
Event: 3.209 Thread 0x00007f9c20012420 Implicit null exception at 0x00007f9c1144084b to 0x00007f9c114408fd

Events (10 events):
Event: 5.941 Thread 0x00007f9c200be140 flushing nmethod 0x00007f9c11289850
Event: 5.941 Thread 0x00007f9c200be140 flushing nmethod 0x00007f9c1128a050
Event: 5.941 Thread 0x00007f9c200be140 flushing nmethod 0x00007f9c112964d0
Event: 5.941 Thread 0x00007f9c200be140 flushing nmethod 0x00007f9c112a8d90
Event: 5.943 Thread 0x00007f9c200bc5a0 flushing nmethod 0x00007f9c11309b90
Event: 5.947 Thread 0x000000000113c6c0 Thread added: 0x000000000113c6c0
Event: 5.947 Thread 0x000000000113c6c0 Thread exited: 0x000000000113c6c0
Event: 5.949 Thread 0x00000000011357e0 Thread exited: 0x00000000011357e0
Event: 5.958 Thread 0x000000000113c6c0 Thread added: 0x000000000113c6c0
Event: 5.961 Executing VM operation: GenCollectForAllocation


Dynamic libraries:
00400000-00401000 r-xp 00000000 ca:01 278098                             /usr/lib/jvm/java-1.8.0-openjdk-1.8.0.161-0.b14.36.amzn1.x86_64/jre/bin/java
00600000-00601000 rw-p 00000000 ca:01 278098                             /usr/lib/jvm/java-1.8.0-openjdk-1.8.0.161-0.b14.36.amzn1.x86_64/jre/bin/java
0108c000-0117e000 rw-p 00000000 00:00 0                                  [heap]
f0600000-f2ea0000 rw-p 00000000 00:00 0 
f2ea0000-f5950000 ---p 00000000 00:00 0 
f5950000-faa87000 rw-p 00000000 00:00 0 
100000000-100360000 rw-p 00000000 00:00 0 
100360000-140000000 ---p 00000000 00:00 0 
7f9bfdad7000-7f9c04000000 r--p 00000000 ca:01 2733                       /usr/lib/locale/locale-archive
7f9c04000000-7f9c04021000 rw-p 00000000 00:00 0 
7f9c04021000-7f9c08000000 ---p 00000000 00:00 0 
7f9c09e64000-7f9c09e67000 ---p 00000000 00:00 0 
7f9c09e67000-7f9c09f65000 rw-p 00000000 00:00 0 
7f9c09f65000-7f9c09f68000 ---p 00000000 00:00 0 
7f9c09f68000-7f9c0a1a6000 rw-p 00000000 00:00 0 
7f9c0a1a6000-7f9c0a269000 ---p 00000000 00:00 0 
7f9c0a269000-7f9c0a367000 rw-p 00000000 00:00 0 
7f9c0a367000-7f9c0a36a000 ---p 00000000 00:00 0 
7f9c0a36a000-7f9c0a468000 rw-p 00000000 00:00 0 
7f9c0a468000-7f9c0a46b000 ---p 00000000 00:00 0 
7f9c0a46b000-7f9c0a769000 rw-p 00000000 00:00 0 
7f9c0a769000-7f9c0a969000 rw-p 00000000 00:00 0 
7f9c0a969000-7f9c0a9e4000 r-xp 00000000 ca:01 2630                       /lib64/libfreeblpriv3.so
7f9c0a9e4000-7f9c0abe4000 ---p 0007b000 ca:01 2630                       /lib64/libfreeblpriv3.so
7f9c0abe4000-7f9c0abe6000 rw-p 0007b000 ca:01 2630                       /lib64/libfreeblpriv3.so
7f9c0abe6000-7f9c0abea000 rw-p 00000000 00:00 0 
7f9c0abea000-7f9c0ac23000 r-xp 00000000 ca:01 2830                       /lib64/libnspr4.so
7f9c0ac23000-7f9c0ae22000 ---p 00039000 ca:01 2830                       /lib64/libnspr4.so
7f9c0ae22000-7f9c0ae23000 r--p 00038000 ca:01 2830                       /lib64/libnspr4.so
7f9c0ae23000-7f9c0ae25000 rw-p 00039000 ca:01 2830                       /lib64/libnspr4.so
7f9c0ae25000-7f9c0ae27000 rw-p 00000000 00:00 0 
7f9c0ae27000-7f9c0ae2b000 r-xp 00000000 ca:01 2831                       /lib64/libplc4.so
7f9c0ae2b000-7f9c0b02a000 ---p 00004000 ca:01 2831                       /lib64/libplc4.so
7f9c0b02a000-7f9c0b02b000 r--p 00003000 ca:01 2831                       /lib64/libplc4.so
7f9c0b02b000-7f9c0b02c000 rw-p 00004000 ca:01 2831                       /lib64/libplc4.so
7f9c0b02c000-7f9c0b02f000 r-xp 00000000 ca:01 2832                       /lib64/libplds4.so
7f9c0b02f000-7f9c0b22e000 ---p 00003000 ca:01 2832                       /lib64/libplds4.so
7f9c0b22e000-7f9c0b22f000 r--p 00002000 ca:01 2832                       /lib64/libplds4.so
7f9c0b22f000-7f9c0b230000 rw-p 00003000 ca:01 2832                       /lib64/libplds4.so
7f9c0b230000-7f9c0b256000 r-xp 00000000 ca:01 2935                       /usr/lib64/libnssutil3.so
7f9c0b256000-7f9c0b456000 ---p 00026000 ca:01 2935                       /usr/lib64/libnssutil3.so
7f9c0b456000-7f9c0b45d000 rw-p 00026000 ca:01 2935                       /usr/lib64/libnssutil3.so
7f9c0b45d000-7f9c0b577000 r-xp 00000000 ca:01 9927                       /usr/lib64/libnss3.so
7f9c0b577000-7f9c0b777000 ---p 0011a000 ca:01 9927                       /usr/lib64/libnss3.so
7f9c0b777000-7f9c0b77c000 r--p 0011a000 ca:01 9927                       /usr/lib64/libnss3.so
7f9c0b77c000-7f9c0b77e000 rw-p 0011f000 ca:01 9927                       /usr/lib64/libnss3.so
7f9c0b77e000-7f9c0b780000 rw-p 00000000 00:00 0 
7f9c0b780000-7f9c0b7a4000 r-xp 00000000 ca:01 9928                       /usr/lib64/libsmime3.so
7f9c0b7a4000-7f9c0b9a3000 ---p 00024000 ca:01 9928                       /usr/lib64/libsmime3.so
7f9c0b9a3000-7f9c0b9a6000 r--p 00023000 ca:01 9928                       /usr/lib64/libsmime3.so
7f9c0b9a6000-7f9c0b9a7000 rw-p 00026000 ca:01 9928                       /usr/lib64/libsmime3.so
7f9c0b9a7000-7f9c0b9ed000 r-xp 00000000 ca:01 9929                       /usr/lib64/libssl3.so
7f9c0b9ed000-7f9c0bbec000 ---p 00046000 ca:01 9929                       /usr/lib64/libssl3.so
7f9c0bbec000-7f9c0bbf0000 r--p 00045000 ca:01 9929                       /usr/lib64/libssl3.so
7f9c0bbf0000-7f9c0bbf1000 rw-p 00049000 ca:01 9929                       /usr/lib64/libssl3.so
7f9c0bbf1000-7f9c0bbf2000 rw-p 00000000 00:00 0 
7f9c0bbf2000-7f9c0bbfe000 r-xp 00000000 ca:01 278139                     /usr/lib/jvm/java-1.8.0-openjdk-1.8.0.161-0.b14.36.amzn1.x86_64/jre/lib/amd64/libsunec.so
7f9c0bbfe000-7f9c0bdfd000 ---p 0000c000 ca:01 278139                     /usr/lib/jvm/java-1.8.0-openjdk-1.8.0.161-0.b14.36.amzn1.x86_64/jre/lib/amd64/libsunec.so
7f9c0bdfd000-7f9c0bdfe000 rw-p 0000b000 ca:01 278139                     /usr/lib/jvm/java-1.8.0-openjdk-1.8.0.161-0.b14.36.amzn1.x86_64/jre/lib/amd64/libsunec.so
7f9c0bdfe000-7f9c0be01000 ---p 00000000 00:00 0 
7f9c0be01000-7f9c0beff000 rw-p 00000000 00:00 0 
7f9c0beff000-7f9c0bf02000 ---p 00000000 00:00 0 
7f9c0bf02000-7f9c0c000000 rw-p 00000000 00:00 0 
7f9c0c000000-7f9c0c765000 rw-p 00000000 00:00 0 
7f9c0c765000-7f9c10000000 ---p 00000000 00:00 0 
7f9c100cd000-7f9c100d0000 ---p 00000000 00:00 0 
7f9c100d0000-7f9c101ce000 rw-p 00000000 00:00 0 
7f9c101ce000-7f9c101e4000 r-xp 00000000 ca:01 2719                       /lib64/libresolv-2.17.so
7f9c101e4000-7f9c103e4000 ---p 00016000 ca:01 2719                       /lib64/libresolv-2.17.so
7f9c103e4000-7f9c103e5000 r--p 00016000 ca:01 2719                       /lib64/libresolv-2.17.so
7f9c103e5000-7f9c103e6000 rw-p 00017000 ca:01 2719                       /lib64/libresolv-2.17.so
7f9c103e6000-7f9c103e8000 rw-p 00000000 00:00 0 
7f9c103e8000-7f9c103ed000 r-xp 00000000 ca:01 2707                       /lib64/libnss_dns-2.17.so
7f9c103ed000-7f9c105ec000 ---p 00005000 ca:01 2707                       /lib64/libnss_dns-2.17.so
7f9c105ec000-7f9c105ed000 r--p 00004000 ca:01 2707                       /lib64/libnss_dns-2.17.so
7f9c105ed000-7f9c105ee000 rw-p 00005000 ca:01 2707                       /lib64/libnss_dns-2.17.so
7f9c105ee000-7f9c10600000 r-xp 00000000 ca:01 278135                     /usr/lib/jvm/java-1.8.0-openjdk-1.8.0.161-0.b14.36.amzn1.x86_64/jre/lib/amd64/libnio.so
7f9c10600000-7f9c107ff000 ---p 00012000 ca:01 278135                     /usr/lib/jvm/java-1.8.0-openjdk-1.8.0.161-0.b14.36.amzn1.x86_64/jre/lib/amd64/libnio.so
7f9c107ff000-7f9c10800000 rw-p 00011000 ca:01 278135                     /usr/lib/jvm/java-1.8.0-openjdk-1.8.0.161-0.b14.36.amzn1.x86_64/jre/lib/amd64/libnio.so
7f9c10800000-7f9c10a00000 rw-p 00000000 00:00 0 
7f9c10a00000-7f9c10c00000 rw-p 00000000 00:00 0 
7f9c10c00000-7f9c10e00000 rw-p 00000000 00:00 0 
7f9c10e00000-7f9c11000000 rw-p 00000000 00:00 0 
7f9c11000000-7f9c11690000 rwxp 00000000 00:00 0 
7f9c11690000-7f9c20000000 ---p 00000000 00:00 0 
7f9c20000000-7f9c21a1b000 rw-p 00000000 00:00 0 
7f9c21a1b000-7f9c24000000 ---p 00000000 00:00 0 
7f9c2400b000-7f9c2400e000 ---p 00000000 00:00 0 
7f9c2400e000-7f9c2430c000 rw-p 00000000 00:00 0 
7f9c2430c000-7f9c2450c000 rw-p 00000000 00:00 0 
7f9c2450c000-7f9c24523000 r-xp 00000000 ca:01 278134                     /usr/lib/jvm/java-1.8.0-openjdk-1.8.0.161-0.b14.36.amzn1.x86_64/jre/lib/amd64/libnet.so
7f9c24523000-7f9c24722000 ---p 00017000 ca:01 278134                     /usr/lib/jvm/java-1.8.0-openjdk-1.8.0.161-0.b14.36.amzn1.x86_64/jre/lib/amd64/libnet.so
7f9c24722000-7f9c24723000 rw-p 00016000 ca:01 278134                     /usr/lib/jvm/java-1.8.0-openjdk-1.8.0.161-0.b14.36.amzn1.x86_64/jre/lib/amd64/libnet.so
7f9c24723000-7f9c24724000 r-xp 00000000 ca:01 278123                     /usr/lib/jvm/java-1.8.0-openjdk-1.8.0.161-0.b14.36.amzn1.x86_64/jre/lib/amd64/libjaas_unix.so
7f9c24724000-7f9c24923000 ---p 00001000 ca:01 278123                     /usr/lib/jvm/java-1.8.0-openjdk-1.8.0.161-0.b14.36.amzn1.x86_64/jre/lib/amd64/libjaas_unix.so
7f9c24923000-7f9c24924000 rw-p 00000000 ca:01 278123                     /usr/lib/jvm/java-1.8.0-openjdk-1.8.0.161-0.b14.36.amzn1.x86_64/jre/lib/amd64/libjaas_unix.so
7f9c24924000-7f9c24927000 ---p 00000000 00:00 0 
7f9c24927000-7f9c24c25000 rw-p 00000000 00:00 0 
7f9c24c25000-7f9c24c2e000 r-xp 00000000 ca:01 278132                     /usr/lib/jvm/java-1.8.0-openjdk-1.8.0.161-0.b14.36.amzn1.x86_64/jre/lib/amd64/libmanagement.so
7f9c24c2e000-7f9c24e2d000 ---p 00009000 ca:01 278132                     /usr/lib/jvm/java-1.8.0-openjdk-1.8.0.161-0.b14.36.amzn1.x86_64/jre/lib/amd64/libmanagement.so
7f9c24e2d000-7f9c24e2e000 rw-p 00008000 ca:01 278132                     /usr/lib/jvm/java-1.8.0-openjdk-1.8.0.161-0.b14.36.amzn1.x86_64/jre/lib/amd64/libmanagement.so
7f9c24e2e000-7f9c24e33000 r--s 000b6000 ca:01 148659                     /usr/lib/jvm/java-1.8.0-openjdk-1.8.0.161-0.b14.36.amzn1.x86_64/jre/lib/jsse.jar
7f9c24e54000-7f9c24e55000 rw-p 00000000 00:00 0 
7f9c24e55000-7f9c24e5b000 r--s 00309000 ca:01 148651                     /usr/lib/jvm/java-1.8.0-openjdk-1.8.0.161-0.b14.36.amzn1.x86_64/jre/lib/charsets.jar
7f9c24e5b000-7f9c24e6e000 r--s 00346000 ca:01 148667                     /usr/lib/jvm/java-1.8.0-openjdk-1.8.0.161-0.b14.36.amzn1.x86_64/jre/lib/resources.jar
7f9c24e6e000-7f9c24e74000 r--s 00043000 ca:01 278162                     /usr/lib/jvm/java-1.8.0-openjdk-1.8.0.161-0.b14.36.amzn1.x86_64/jre/lib/ext/sunjce_provider.jar
7f9c24e74000-7f9c24e75000 r--s 00007000 ca:01 278161                     /usr/lib/jvm/java-1.8.0-openjdk-1.8.0.161-0.b14.36.amzn1.x86_64/jre/lib/ext/sunec.jar
7f9c24e75000-7f9c24e78000 r--s 0003f000 ca:01 278163                     /usr/lib/jvm/java-1.8.0-openjdk-1.8.0.161-0.b14.36.amzn1.x86_64/jre/lib/ext/sunpkcs11.jar
7f9c24e78000-7f9c24e7a000 r--s 00019000 ca:01 148657                     /usr/lib/jvm/java-1.8.0-openjdk-1.8.0.161-0.b14.36.amzn1.x86_64/jre/lib/jce.jar
7f9c24e7a000-7f9c24e7d000 ---p 00000000 00:00 0 
7f9c24e7d000-7f9c24eb3000 rw-p 00000000 00:00 0 
7f9c24eb3000-7f9c24eb4000 r--s 00000000 ca:01 279708                     /home/ec2-user/Git/hadoop-example/projects/WordCount/WordCount.jar
7f9c24eb4000-7f9c24eb9000 r--s 00037000 ca:01 277835                     /usr/local/hadoop/share/hadoop/yarn/hadoop-yarn-server-timelineservice-hbase-3.0.0.jar
7f9c24eb9000-7f9c24ed8000 r--s 001c0000 ca:01 277971                     /usr/local/hadoop/share/hadoop/yarn/hadoop-yarn-server-resourcemanager-3.0.0.jar
7f9c24ed8000-7f9c24edb000 r--s 00021000 ca:01 277841                     /usr/local/hadoop/share/hadoop/yarn/hadoop-yarn-registry-3.0.0.jar
7f9c24edb000-7f9c24edc000 r--s 0000a000 ca:01 277866                     /usr/local/hadoop/share/hadoop/yarn/hadoop-yarn-server-timelineservice-hbase-tests-3.0.0.jar
7f9c24edc000-7f9c24ef1000 r--s 000fe000 ca:01 277970                     /usr/local/hadoop/share/hadoop/yarn/hadoop-yarn-server-nodemanager-3.0.0.jar
7f9c24ef1000-7f9c24ef3000 r--s 00015000 ca:01 277838                     /usr/local/hadoop/share/hadoop/yarn/hadoop-yarn-server-sharedcachemanager-3.0.0.jar
7f9c24ef3000-7f9c24ef7000 r--s 00043000 ca:01 277974                     /usr/local/hadoop/share/hadoop/yarn/hadoop-yarn-client-3.0.0.jar
7f9c24ef7000-7f9c24ef9000 r--s 00012000 ca:01 277926                     /usr/local/hadoop/share/hadoop/yarn/hadoop-yarn-server-web-proxy-3.0.0.jar
7f9c24ef9000-7f9c24f1f000 r--s 00291000 ca:01 277842                     /usr/local/hadoop/share/hadoop/yarn/hadoop-yarn-api-3.0.0.jar
7f9c24f1f000-7f9c24f24000 r--s 00043000 ca:01 277925                     /usr/local/hadoop/share/hadoop/yarn/hadoop-yarn-server-applicationhistoryservice-3.0.0.jar
7f9c24f24000-7f9c24f3a000 r--s 0012c000 ca:01 277972                     /usr/local/hadoop/share/hadoop/yarn/hadoop-yarn-server-common-3.0.0.jar
7f9c24f3a000-7f9c24f3b000 r--s 0000d000 ca:01 277975                     /usr/local/hadoop/share/hadoop/yarn/hadoop-yarn-applications-unmanaged-am-launcher-3.0.0.jar
7f9c24f3b000-7f9c24f3d000 r--s 00016000 ca:01 277834                     /usr/local/hadoop/share/hadoop/yarn/hadoop-yarn-applications-distributedshell-3.0.0.jar
7f9c24f3d000-7f9c24f40000 r--s 00022000 ca:01 277924                     /usr/local/hadoop/share/hadoop/yarn/hadoop-yarn-server-router-3.0.0.jar
7f9c24f40000-7f9c24f62000 r--s 0027b000 ca:01 277973                     /usr/local/hadoop/share/hadoop/yarn/hadoop-yarn-common-3.0.0.jar
7f9c24f62000-7f9c24f64000 r--s 00015000 ca:01 277923                     /usr/local/hadoop/share/hadoop/yarn/hadoop-yarn-server-timeline-pluginstorage-3.0.0.jar
7f9c24f64000-7f9c24f68000 r--s 0002f000 ca:01 277840                     /usr/local/hadoop/share/hadoop/yarn/hadoop-yarn-server-timelineservice-3.0.0.jar
7f9c24f68000-7f9c24f69000 r--s 0000a000 ca:01 277839                     /usr/local/hadoop/share/hadoop/yarn/hadoop-yarn-server-tests-3.0.0.jar
7f9c24f69000-7f9c24f72000 r--s 00085000 ca:01 277952                     /usr/local/hadoop/share/hadoop/yarn/lib/hbase-common-1.2.6.jar
7f9c24f72000-7f9c24f74000 r--s 00011000 ca:01 277945                     /usr/local/hadoop/share/hadoop/yarn/lib/jasper-runtime-5.5.23.jar
7f9c24f74000-7f9c24f77000 r--s 00012000 ca:01 277935                     /usr/local/hadoop/share/hadoop/yarn/lib/metrics-core-2.2.0.jar
7f9c24f77000-7f9c24f7a000 r--s 00011000 ca:01 277955                     /usr/local/hadoop/share/hadoop/yarn/lib/disruptor-3.3.0.jar
7f9c24f7a000-7f9c24f7b000 r--s 00005000 ca:01 277958                     /usr/local/hadoop/share/hadoop/yarn/lib/jamon-runtime-2.4.1.jar
7f9c24f7b000-7f9c24f84000 r--s 00133000 ca:01 277962                     /usr/local/hadoop/share/hadoop/yarn/lib/jcodings-1.0.8.jar
7f9c24f84000-7f9c24f89000 r--s 0005f000 ca:01 277963                     /usr/local/hadoop/share/hadoop/yarn/lib/jasper-compiler-5.5.23.jar
7f9c24f89000-7f9c24f8c000 r--s 00012000 ca:01 277940                     /usr/local/hadoop/share/hadoop/yarn/lib/metrics-core-3.0.1.jar
7f9c24f8c000-7f9c24f93000 r--s 00058000 ca:01 277938                     /usr/local/hadoop/share/hadoop/yarn/lib/fst-2.50.jar
7f9c24f93000-7f9c24f95000 r--s 00011000 ca:01 277946                     /usr/local/hadoop/share/hadoop/yarn/lib/json-io-2.5.1.jar
7f9c24f95000-7f9c24fae000 r--s 00150000 ca:01 277929                     /usr/local/hadoop/share/hadoop/yarn/lib/htrace-core-3.1.0-incubating.jar
7f9c24fae000-7f9c24fb0000 r--s 00007000 ca:01 277939                     /usr/local/hadoop/share/hadoop/yarn/lib/jackson-module-jaxb-annotations-2.7.8.jar
7f9c24fb0000-7f9c24fb3000 r--s 0000b000 ca:01 277934                     /usr/local/hadoop/share/hadoop/yarn/lib/geronimo-jcache_1.0_spec-1.0-alpha-1.jar
7f9c24fb3000-7f9c24fb6000 r--s 00007000 ca:01 277941                     /usr/local/hadoop/share/hadoop/yarn/lib/hbase-hadoop-compat-1.2.6.jar
7f9c24fb6000-7f9c24fb9000 r--s 00016000 ca:01 277968                     /usr/local/hadoop/share/hadoop/yarn/lib/hbase-hadoop2-compat-1.2.6.jar
7f9c24fb9000-7f9c24fca000 r--s 000ea000 ca:01 277961                     /usr/local/hadoop/share/hadoop/yarn/lib/jsp-2.1-6.1.14.jar
7f9c24fca000-7f9c24fcd000 r--s 0001c000 ca:01 277969                     /usr/local/hadoop/share/hadoop/yarn/lib/hbase-procedure-1.2.6.jar
7f9c24fcd000-7f9c24fd0000 r--s 0002b000 ca:01 277960                     /usr/local/hadoop/share/hadoop/yarn/lib/joni-2.1.2.jar
7f9c24fd0000-7f9c24fd2000 r--s 00004000 ca:01 277937                     /usr/local/hadoop/share/hadoop/yarn/lib/hbase-annotations-1.2.6.jar
7f9c24fd2000-7f9c24fd4000 r--s 00000000 ca:01 277933                     /usr/local/hadoop/share/hadoop/yarn/lib/aopalliance-1.0.jar
7f9c24fd4000-7f9c24fd6000 r--s 00003000 ca:01 277964                     /usr/local/hadoop/share/hadoop/yarn/lib/jackson-jaxrs-json-provider-2.7.8.jar
7f9c24fd6000-7f9c24fd8000 r--s 00002000 ca:01 277951                     /usr/local/hadoop/share/hadoop/yarn/lib/findbugs-annotations-1.3.9-1.jar
7f9c24fd8000-7f9c24fda000 r--s 00007000 ca:01 277957                     /usr/local/hadoop/share/hadoop/yarn/lib/commons-csv-1.0.jar
7f9c24fda000-7f9c24fdc000 r--s 00011000 ca:01 277948                     /usr/local/hadoop/share/hadoop/yarn/lib/guice-servlet-4.0.jar
7f9c24fdc000-7f9c24fef000 r--s 000df000 ca:01 277953                     /usr/local/hadoop/share/hadoop/yarn/lib/commons-math-2.2.jar
7f9c24fef000-7f9c24ff2000 r--s 0001e000 ca:01 277954                     /usr/local/hadoop/share/hadoop/yarn/lib/HikariCP-java7-2.4.12.jar
7f9c24ff2000-7f9c24ff4000 r--s 00017000 ca:01 277943                     /usr/local/hadoop/share/hadoop/yarn/lib/hbase-prefix-tree-1.2.6.jar
7f9c24ff4000-7f9c24ff7000 r--s 0001e000 ca:01 277959                     /usr/local/hadoop/share/hadoop/yarn/lib/jersey-client-1.19.jar
7f9c24ff7000-7f9c24ff8000 r--s 00003000 ca:01 277931                     /usr/local/hadoop/share/hadoop/yarn/lib/jersey-guice-1.19.jar
7f9c24ff8000-7f9c24ffe000 r--s 00045000 ca:01 277947                     /usr/local/hadoop/share/hadoop/yarn/lib/commons-httpclient-3.1.jar
7f9c24ffe000-7f9c24fff000 r--s 00000000 ca:01 277932                     /usr/local/hadoop/share/hadoop/yarn/lib/javax.inject-1.jar
7f9c24fff000-7f9c25008000 r--s 000b9000 ca:01 277930                     /usr/local/hadoop/share/hadoop/yarn/lib/mssql-jdbc-6.2.1.jre7.jar
7f9c25008000-7f9c2500a000 r--s 00006000 ca:01 277949                     /usr/local/hadoop/share/hadoop/yarn/lib/jackson-jaxrs-base-2.7.8.jar
7f9c2500a000-7f9c2500d000 r--s 00019000 ca:01 277967                     /usr/local/hadoop/share/hadoop/yarn/lib/commons-el-1.0.jar
7f9c2500d000-7f9c25042000 r--s 003c8000 ca:01 277965                     /usr/local/hadoop/share/hadoop/yarn/lib/hbase-server-1.2.6.jar
7f9c25042000-7f9c25045000 r--s 0001e000 ca:01 277966                     /usr/local/hadoop/share/hadoop/yarn/lib/servlet-api-2.5-6.1.14.jar
7f9c25045000-7f9c2507e000 r--s 003f1000 ca:01 277956                     /usr/local/hadoop/share/hadoop/yarn/lib/hbase-protocol-1.2.6.jar
7f9c2507e000-7f9c2508c000 r--s 00096000 ca:01 277950                     /usr/local/hadoop/share/hadoop/yarn/lib/guice-4.0.jar
7f9c2508c000-7f9c2508f000 r--s 0001e000 ca:01 277944                     /usr/local/hadoop/share/hadoop/yarn/lib/jsp-api-2.1-6.1.14.jar
7f9c2508f000-7f9c25091000 r--s 0000d000 ca:01 277942                     /usr/local/hadoop/share/hadoop/yarn/lib/java-util-1.9.0.jar
7f9c25091000-7f9c250b7000 r--s 00180000 ca:01 277928                     /usr/local/hadoop/share/hadoop/yarn/lib/ehcache-3.3.1.jar
7f9c250b7000-7f9c250c9000 r--s 0012d000 ca:01 277936                     /usr/local/hadoop/share/hadoop/yarn/lib/hbase-client-1.2.6.jar
7f9c250c9000-7f9c250ca000 r--s 00014000 ca:01 277815                     /usr/local/hadoop/share/hadoop/mapreduce/hadoop-mapreduce-client-jobclient-3.0.0.jar
7f9c250ca000-7f9c250d7000 r--s 000b7000 ca:01 277814                     /usr/local/hadoop/share/hadoop/mapreduce/hadoop-mapreduce-client-common-3.0.0.jar
7f9c250d7000-7f9c250dd000 r--s 00048000 ca:01 277817                     /usr/local/hadoop/share/hadoop/mapreduce/hadoop-mapreduce-examples-3.0.0.jar
7f9c250dd000-7f9c250e0000 r--s 00032000 ca:01 277793                     /usr/local/hadoop/share/hadoop/mapreduce/hadoop-mapreduce-client-hs-3.0.0.jar
7f9c250e0000-7f9c250f7000 r--s 0017b000 ca:01 277818                     /usr/local/hadoop/share/hadoop/mapreduce/hadoop-mapreduce-client-jobclient-3.0.0-tests.jar
7f9c250f7000-7f9c250fa000 r--s 0001c000 ca:01 277792                     /usr/local/hadoop/share/hadoop/mapreduce/hadoop-mapreduce-client-nativetask-3.0.0.jar
7f9c250fa000-7f9c250fb000 r--s 00017000 ca:01 277790                     /usr/local/hadoop/share/hadoop/mapreduce/hadoop-mapreduce-client-shuffle-3.0.0.jar
7f9c250fb000-7f9c25115000 r--s 00178000 ca:01 277816                     /usr/local/hadoop/share/hadoop/mapreduce/hadoop-mapreduce-client-core-3.0.0.jar
7f9c25115000-7f9c25120000 r--s 0008a000 ca:01 277813                     /usr/local/hadoop/share/hadoop/mapreduce/hadoop-mapreduce-client-app-3.0.0.jar
7f9c25120000-7f9c25121000 r--s 0000a000 ca:01 277791                     /usr/local/hadoop/share/hadoop/mapreduce/hadoop-mapreduce-client-hs-plugins-3.0.0.jar
7f9c25121000-7f9c25153000 r--s 004aa000 ca:01 148356                     /usr/local/hadoop/share/hadoop/hdfs/hadoop-hdfs-3.0.0-tests.jar
7f9c25153000-7f9c25159000 r--s 00039000 ca:01 148450                     /usr/local/hadoop/share/hadoop/hdfs/hadoop-hdfs-httpfs-3.0.0.jar
7f9c25159000-7f9c2515a000 r--s 0000a000 ca:01 148358                     /usr/local/hadoop/share/hadoop/hdfs/hadoop-hdfs-native-client-3.0.0-tests.jar
7f9c2515a000-7f9c2515c000 r--s 00022000 ca:01 148357                     /usr/local/hadoop/share/hadoop/hdfs/hadoop-hdfs-nfs-3.0.0.jar
7f9c2515c000-7f9c2515d000 r--s 0000a000 ca:01 148552                     /usr/local/hadoop/share/hadoop/hdfs/hadoop-hdfs-native-client-3.0.0.jar
7f9c2515d000-7f9c25160000 r--s 00020000 ca:01 148366                     /usr/local/hadoop/share/hadoop/hdfs/hadoop-hdfs-client-3.0.0-tests.jar
7f9c25160000-7f9c251a1000 r--s 00451000 ca:01 148451                     /usr/local/hadoop/share/hadoop/hdfs/hadoop-hdfs-client-3.0.0.jar
7f9c251a1000-7f9c251eb000 r--s 0056d000 ca:01 148551                     /usr/local/hadoop/share/hadoop/hdfs/hadoop-hdfs-3.0.0.jar
7f9c251eb000-7f9c251ec000 r--s 00005000 ca:01 148473                     /usr/local/hadoop/share/hadoop/hdfs/lib/json-simple-1.1.1.jar
7f9c251ec000-7f9c251f9000 r--s 000a7000 ca:01 148467                     /usr/local/hadoop/share/hadoop/hdfs/lib/httpclient-4.5.2.jar
7f9c251f9000-7f9c251fa000 r--s 00004000 ca:01 148486                     /usr/local/hadoop/share/hadoop/hdfs/lib/kerb-identity-1.0.1.jar
7f9c251fa000-7f9c251fd000 r--s 00015000 ca:01 148505                     /usr/local/hadoop/share/hadoop/hdfs/lib/javax.servlet-api-3.1.0.jar
7f9c251fd000-7f9c251ff000 r--s 0000d000 ca:01 148485                     /usr/local/hadoop/share/hadoop/hdfs/lib/hadoop-annotations-3.0.0.jar
7f9c251ff000-7f9c25203000 r--s 00019000 ca:01 148487                     /usr/local/hadoop/share/hadoop/hdfs/lib/kerb-crypto-1.0.1.jar
7f9c25203000-7f9c25205000 r--s 00009000 ca:01 148484                     /usr/local/hadoop/share/hadoop/hdfs/lib/commons-cli-1.2.jar
7f9c25205000-7f9c25208000 r--s 0001b000 ca:01 148520                     /usr/local/hadoop/share/hadoop/hdfs/lib/json-smart-2.3.jar
7f9c25208000-7f9c2520b000 r--s 0001f000 ca:01 148471                     /usr/local/hadoop/share/hadoop/hdfs/lib/hadoop-auth-3.0.0.jar
7f9c2520b000-7f9c2520d000 r--s 0000d000 ca:01 148466                     /usr/local/hadoop/share/hadoop/hdfs/lib/commons-codec-1.4.jar
7f9c2520d000-7f9c25212000 r--s 00038000 ca:01 148518                     /usr/local/hadoop/share/hadoop/hdfs/lib/commons-beanutils-1.9.3.jar
7f9c25212000-7f9c2521a000 r--s 00067000 ca:01 148515                     /usr/local/hadoop/share/hadoop/hdfs/lib/jetty-util-9.3.19.v20170502.jar
7f9c2521a000-7f9c2521c000 r--s 0001e000 ca:01 148478                     /usr/local/hadoop/share/hadoop/hdfs/lib/re2j-1.1.jar
7f9c2521c000-7f9c25228000 r--s 0008b000 ca:01 148513                     /usr/local/hadoop/share/hadoop/hdfs/lib/commons-configuration2-2.1.1.jar
7f9c25228000-7f9c2522d000 r--s 00041000 ca:01 148479                     /usr/local/hadoop/share/hadoop/hdfs/lib/commons-lang-2.6.jar
7f9c2522d000-7f9c2522e000 r--s 00004000 ca:01 148462                     /usr/local/hadoop/share/hadoop/hdfs/lib/kerb-simplekdc-1.0.1.jar
7f9c2522e000-7f9c25231000 r--s 0000a000 ca:01 148456                     /usr/local/hadoop/share/hadoop/hdfs/lib/jackson-annotations-2.7.8.jar
7f9c25231000-7f9c25238000 r--s 00064000 ca:01 148463                     /usr/local/hadoop/share/hadoop/hdfs/lib/commons-lang3-3.4.jar
7f9c25238000-7f9c2523a000 r--s 00008000 ca:01 148499                     /usr/local/hadoop/share/hadoop/hdfs/lib/jetty-util-ajax-9.3.19.v20170502.jar
7f9c2523a000-7f9c25244000 r--s 00061000 ca:01 148535                     /usr/local/hadoop/share/hadoop/hdfs/lib/jersey-core-1.19.jar
7f9c25244000-7f9c25249000 r--s 00049000 ca:01 148529                     /usr/local/hadoop/share/hadoop/hdfs/lib/okhttp-2.4.0.jar
7f9c25249000-7f9c2524b000 r--s 0000b000 ca:01 148507                     /usr/local/hadoop/share/hadoop/hdfs/lib/jetty-xml-9.3.19.v20170502.jar
7f9c2524b000-7f9c2524d000 r--s 00006000 ca:01 148508                     /usr/local/hadoop/share/hadoop/hdfs/lib/kerby-xdr-1.0.1.jar
7f9c2524d000-7f9c2524e000 r--s 00006000 ca:01 148474                     /usr/local/hadoop/share/hadoop/hdfs/lib/jackson-xc-1.9.13.jar
7f9c2524e000-7f9c25250000 r--s 00006000 ca:01 148503                     /usr/local/hadoop/share/hadoop/hdfs/lib/kerby-config-1.0.1.jar
7f9c25250000-7f9c25259000 r--s 0006f000 ca:01 148457                     /usr/local/hadoop/share/hadoop/hdfs/lib/log4j-1.2.17.jar
7f9c25259000-7f9c2525c000 r--s 00011000 ca:01 148454                     /usr/local/hadoop/share/hadoop/hdfs/lib/kerb-admin-1.0.1.jar
7f9c2525c000-7f9c2525d000 r--s 00004000 ca:01 148500                     /usr/local/hadoop/share/hadoop/hdfs/lib/token-provider-1.0.1.jar
7f9c2525d000-7f9c2526e000 r--s 00116000 ca:01 148519                     /usr/local/hadoop/share/hadoop/hdfs/lib/jackson-databind-2.7.8.jar
7f9c2526e000-7f9c25271000 r--s 00012000 ca:01 148494                     /usr/local/hadoop/share/hadoop/hdfs/lib/kerb-server-1.0.1.jar
7f9c25271000-7f9c25275000 r--s 0001c000 ca:01 148489                     /usr/local/hadoop/share/hadoop/hdfs/lib/jersey-servlet-1.19.jar
7f9c25275000-7f9c25296000 r--s 00172000 ca:01 148502                     /usr/local/hadoop/share/hadoop/hdfs/lib/guava-11.0.2.jar
7f9c25296000-7f9c25298000 r--s 00017000 ca:01 148524                     /usr/local/hadoop/share/hadoop/hdfs/lib/kerby-asn1-1.0.1.jar
7f9c25298000-7f9c25299000 r--s 0000f000 ca:01 148481                     /usr/local/hadoop/share/hadoop/hdfs/lib/okio-1.4.0.jar
7f9c25299000-7f9c2529d000 r--s 00024000 ca:01 148493                     /usr/local/hadoop/share/hadoop/hdfs/lib/stax2-api-3.1.4.jar
7f9c2529d000-7f9c252a0000 r--s 000fd000 ca:01 148533                     /usr/local/hadoop/share/hadoop/hdfs/lib/leveldbjni-all-1.8.jar
7f9c252a0000-7f9c252a1000 r--s 00009000 ca:01 148453                     /usr/local/hadoop/share/hadoop/hdfs/lib/kerby-util-1.0.1.jar
7f9c252a1000-7f9c252be000 r--s 00196000 ca:01 148501                     /usr/local/hadoop/share/hadoop/hdfs/lib/netty-all-4.0.23.Final.jar
7f9c252be000-7f9c252c1000 r--s 00006000 ca:01 148522                     /usr/local/hadoop/share/hadoop/hdfs/lib/jsr305-3.0.0.jar
7f9c252c1000-7f9c252ca000 r--s 00062000 ca:01 148538                     /usr/local/hadoop/share/hadoop/hdfs/lib/avro-1.7.7.jar
7f9c252ca000-7f9c252cd000 r--s 0003b000 ca:01 148525                     /usr/local/hadoop/share/hadoop/hdfs/lib/jackson-core-2.7.8.jar
7f9c252cd000-7f9c252d0000 r--s 00016000 ca:01 148458                     /usr/local/hadoop/share/hadoop/hdfs/lib/jaxb-api-2.2.11.jar
7f9c252d0000-7f9c252d2000 r--s 0000e000 ca:01 148491                     /usr/local/hadoop/share/hadoop/hdfs/lib/commons-logging-1.1.3.jar
7f9c252d2000-7f9c252d5000 r--s 00019000 ca:01 148527                     /usr/local/hadoop/share/hadoop/hdfs/lib/kerb-client-1.0.1.jar
7f9c252d5000-7f9c252d9000 r--s 00014000 ca:01 148477                     /usr/local/hadoop/share/hadoop/hdfs/lib/xz-1.0.jar
7f9c252d9000-7f9c252e7000 r--s 000b1000 ca:01 148509                     /usr/local/hadoop/share/hadoop/hdfs/lib/jackson-mapper-asl-1.9.13.jar
7f9c252e7000-7f9c252e9000 r--s 00006000 ca:01 148528                     /usr/local/hadoop/share/hadoop/hdfs/lib/accessors-smart-1.2.jar
7f9c252e9000-7f9c252eb000 r--s 0000e000 ca:01 148465                     /usr/local/hadoop/share/hadoop/hdfs/lib/kerb-common-1.0.1.jar
7f9c252eb000-7f9c252f3000 r--s 0003e000 ca:01 148531                     /usr/local/hadoop/share/hadoop/hdfs/lib/curator-recipes-2.12.0.jar
7f9c252f3000-7f9c2530d000 r--s 00155000 ca:01 148490                     /usr/local/hadoop/share/hadoop/hdfs/lib/htrace-core4-4.1.0-incubating.jar
7f9c2530d000-7f9c25310000 r--s 0001b000 ca:01 148476                     /usr/local/hadoop/share/hadoop/hdfs/lib/jetty-io-9.3.19.v20170502.jar
7f9c25310000-7f9c25314000 r--s 00025000 ca:01 148511                     /usr/local/hadoop/share/hadoop/hdfs/lib/jersey-json-1.19.jar
7f9c25314000-7f9c25316000 r--s 0001a000 ca:01 148469                     /usr/local/hadoop/share/hadoop/hdfs/lib/jetty-webapp-9.3.19.v20170502.jar
7f9c25316000-7f9c25317000 r--s 00005000 ca:01 148537                     /usr/local/hadoop/share/hadoop/hdfs/lib/commons-daemon-1.0.13.jar
7f9c25317000-7f9c2531a000 r--s 00015000 ca:01 148455                     /usr/local/hadoop/share/hadoop/hdfs/lib/jetty-security-9.3.19.v20170502.jar
7f9c2531a000-7f9c2531f000 r--s 00036000 ca:01 148483                     /usr/local/hadoop/share/hadoop/hdfs/lib/commons-compress-1.4.1.jar
7f9c2531f000-7f9c25326000 r--s 00049000 ca:01 148475                     /usr/local/hadoop/share/hadoop/hdfs/lib/httpcore-4.4.4.jar
7f9c25326000-7f9c2532d000 r--s 00079000 ca:01 148498                     /usr/local/hadoop/share/hadoop/hdfs/lib/jetty-server-9.3.19.v20170502.jar
7f9c2532d000-7f9c25346000 r--s 0012c000 ca:01 148532                     /usr/local/hadoop/share/hadoop/hdfs/lib/netty-3.10.5.Final.jar
7f9c25346000-7f9c25348000 r--s 0000c000 ca:01 148464                     /usr/local/hadoop/share/hadoop/hdfs/lib/asm-5.0.4.jar
7f9c25348000-7f9c2535b000 r--s 000c7000 ca:01 148470                     /usr/local/hadoop/share/hadoop/hdfs/lib/jaxb-impl-2.2.3-1.jar
7f9c2535b000-7f9c25368000 r--s 00083000 ca:01 148495                     /usr/local/hadoop/share/hadoop/hdfs/lib/commons-collections-3.2.2.jar
7f9c25368000-7f9c2539f000 r--s 00219000 ca:01 148521                     /usr/local/hadoop/share/hadoop/hdfs/lib/curator-client-2.12.0.jar
7f9c2539f000-7f9c253a6000 r--s 0002b000 ca:01 148496                     /usr/local/hadoop/share/hadoop/hdfs/lib/kerby-pkix-1.0.1.jar
7f9c253a6000-7f9c253a7000 r--s 00008000 ca:01 148459                     /usr/local/hadoop/share/hadoop/hdfs/lib/kerb-util-1.0.1.jar
7f9c253a7000-7f9c253aa000 r--s 0001b000 ca:01 148516                     /usr/local/hadoop/share/hadoop/hdfs/lib/jetty-servlet-9.3.19.v20170502.jar
7f9c253aa000-7f9c253ac000 r--s 00130000 ca:01 148480                     /usr/local/hadoop/share/hadoop/hdfs/lib/snappy-java-1.0.5.jar
7f9c253ac000-7f9c253b1000 r--s 0003e000 ca:01 148512                     /usr/local/hadoop/share/hadoop/hdfs/lib/commons-net-3.1.jar
7f9c253b1000-7f9c253b5000 r--s 0002a000 ca:01 148530                     /usr/local/hadoop/share/hadoop/hdfs/lib/commons-io-2.4.jar
7f9c253b5000-7f9c253ba000 r--s 00040000 ca:01 148492                     /usr/local/hadoop/share/hadoop/hdfs/lib/jsch-0.1.54.jar
7f9c253ba000-7f9c253c2000 r--s 0007b000 ca:01 148536                     /usr/local/hadoop/share/hadoop/hdfs/lib/protobuf-java-2.5.0.jar
7f9c253c2000-7f9c253c7000 r--s 0002a000 ca:01 148461                     /usr/local/hadoop/share/hadoop/hdfs/lib/gson-2.2.4.jar
7f9c253c7000-7f9c253d4000 r--s 000b9000 ca:01 148523                     /usr/local/hadoop/share/hadoop/hdfs/lib/zookeeper-3.4.9.jar
7f9c253d4000-7f9c253d5000 r--s 00004000 ca:01 148497                     /usr/local/hadoop/share/hadoop/hdfs/lib/jackson-jaxrs-1.9.13.jar
7f9c253d5000-7f9c253db000 r--s 00044000 ca:01 148517                     /usr/local/hadoop/share/hadoop/hdfs/lib/nimbus-jose-jwt-4.41.1.jar
7f9c253db000-7f9c253f8000 r--s 0016a000 ca:01 148482                     /usr/local/hadoop/share/hadoop/hdfs/lib/commons-math3-3.1.1.jar
7f9c253f8000-7f9c253fe000 r--s 00078000 ca:01 148488                     /usr/local/hadoop/share/hadoop/hdfs/lib/woodstox-core-5.0.3.jar
7f9c253fe000-7f9c25402000 r--s 00035000 ca:01 148514                     /usr/local/hadoop/share/hadoop/hdfs/lib/jackson-core-asl-1.9.13.jar
7f9c25402000-7f9c25404000 r--s 00000000 ca:01 148460                     /usr/local/hadoop/share/hadoop/hdfs/lib/jcip-annotations-1.0-1.jar
7f9c25404000-7f9c25414000 r--s 0009c000 ca:01 148526                     /usr/local/hadoop/share/hadoop/hdfs/lib/jersey-server-1.19.jar
7f9c25414000-7f9c25416000 r--s 0000f000 ca:01 148506                     /usr/local/hadoop/share/hadoop/hdfs/lib/jettison-1.1.jar
7f9c25416000-7f9c2541d000 r--s 00031000 ca:01 148468                     /usr/local/hadoop/share/hadoop/hdfs/lib/kerb-core-1.0.1.jar
7f9c2541d000-7f9c2541f000 r--s 00006000 ca:01 148534                     /usr/local/hadoop/share/hadoop/hdfs/lib/paranamer-2.3.jar
7f9c2541f000-7f9c25422000 r--s 00022000 ca:01 148510                     /usr/local/hadoop/share/hadoop/hdfs/lib/jetty-http-9.3.19.v20170502.jar
7f9c25422000-7f9c25428000 r--s 0002c000 ca:01 148472                     /usr/local/hadoop/share/hadoop/hdfs/lib/curator-framework-2.12.0.jar
7f9c25428000-7f9c2542a000 r--s 0000a000 ca:01 148504                     /usr/local/hadoop/share/hadoop/hdfs/lib/jsr311-api-1.1.1.jar
7f9c2542a000-7f9c25454000 r--s 0027d000 ca:01 277984                     /usr/local/hadoop/share/hadoop/common/hadoop-common-3.0.0-tests.jar
7f9c25454000-7f9c25459000 r--s 0002d000 ca:01 278093                     /usr/local/hadoop/share/hadoop/common/hadoop-nfs-3.0.0.jar
7f9c25459000-7f9c25495000 r--s 0038a000 ca:01 277980                     /usr/local/hadoop/share/hadoop/common/hadoop-common-3.0.0.jar
7f9c25495000-7f9c25498000 r--s 0001d000 ca:01 278073                     /usr/local/hadoop/share/hadoop/common/hadoop-kms-3.0.0.jar
7f9c25498000-7f9c254a5000 r--s 000a7000 ca:01 278003                     /usr/local/hadoop/share/hadoop/common/lib/httpclient-4.5.2.jar
7f9c254a5000-7f9c254a6000 r--s 00004000 ca:01 278021                     /usr/local/hadoop/share/hadoop/common/lib/kerb-identity-1.0.1.jar
7f9c254a6000-7f9c254a9000 r--s 00016000 ca:01 278012                     /usr/local/hadoop/share/hadoop/common/lib/jsp-api-2.1.jar
7f9c254a9000-7f9c254ab000 r--s 00000000 ca:01 277989                     /usr/local/hadoop/share/hadoop/common/lib/jul-to-slf4j-1.7.25.jar
7f9c254ab000-7f9c254ae000 r--s 00015000 ca:01 278039                     /usr/local/hadoop/share/hadoop/common/lib/javax.servlet-api-3.1.0.jar
7f9c254ae000-7f9c254b0000 r--s 0000d000 ca:01 278020                     /usr/local/hadoop/share/hadoop/common/lib/hadoop-annotations-3.0.0.jar
7f9c254b0000-7f9c254b4000 r--s 00019000 ca:01 278022                     /usr/local/hadoop/share/hadoop/common/lib/kerb-crypto-1.0.1.jar
7f9c254b4000-7f9c254b6000 r--s 00009000 ca:01 278019                     /usr/local/hadoop/share/hadoop/common/lib/commons-cli-1.2.jar
7f9c254b6000-7f9c254b9000 r--s 0001b000 ca:01 278057                     /usr/local/hadoop/share/hadoop/common/lib/json-smart-2.3.jar
7f9c254b9000-7f9c254bb000 r--s 00009000 ca:01 278050                     /usr/local/hadoop/share/hadoop/common/lib/hamcrest-core-1.3.jar
7f9c254bb000-7f9c254be000 r--s 0001f000 ca:01 278007                     /usr/local/hadoop/share/hadoop/common/lib/hadoop-auth-3.0.0.jar
7f9c254be000-7f9c254c0000 r--s 0000d000 ca:01 278001                     /usr/local/hadoop/share/hadoop/common/lib/commons-codec-1.4.jar
7f9c254c0000-7f9c254c5000 r--s 00038000 ca:01 278054                     /usr/local/hadoop/share/hadoop/common/lib/commons-beanutils-1.9.3.jar
7f9c254c5000-7f9c254cd000 r--s 00067000 ca:01 278049                     /usr/local/hadoop/share/hadoop/common/lib/jetty-util-9.3.19.v20170502.jar
7f9c254cd000-7f9c254cf000 r--s 0001e000 ca:01 278014                     /usr/local/hadoop/share/hadoop/common/lib/re2j-1.1.jar
7f9c254cf000-7f9c254db000 r--s 0008b000 ca:01 278047                     /usr/local/hadoop/share/hadoop/common/lib/commons-configuration2-2.1.1.jar
7f9c254db000-7f9c254e0000 r--s 00041000 ca:01 278015                     /usr/local/hadoop/share/hadoop/common/lib/commons-lang-2.6.jar
7f9c254e0000-7f9c254e1000 r--s 00004000 ca:01 277997                     /usr/local/hadoop/share/hadoop/common/lib/kerb-simplekdc-1.0.1.jar
7f9c254e1000-7f9c254e4000 r--s 0000a000 ca:01 277990                     /usr/local/hadoop/share/hadoop/common/lib/jackson-annotations-2.7.8.jar
7f9c254e4000-7f9c254eb000 r--s 00064000 ca:01 277998                     /usr/local/hadoop/share/hadoop/common/lib/commons-lang3-3.4.jar
7f9c254eb000-7f9c254f5000 r--s 00061000 ca:01 278070                     /usr/local/hadoop/share/hadoop/common/lib/jersey-core-1.19.jar
7f9c254f5000-7f9c254f7000 r--s 0000b000 ca:01 278041                     /usr/local/hadoop/share/hadoop/common/lib/jetty-xml-9.3.19.v20170502.jar
7f9c254f7000-7f9c254f9000 r--s 00006000 ca:01 278042                     /usr/local/hadoop/share/hadoop/common/lib/kerby-xdr-1.0.1.jar
7f9c254f9000-7f9c254fa000 r--s 00006000 ca:01 278009                     /usr/local/hadoop/share/hadoop/common/lib/jackson-xc-1.9.13.jar
7f9c254fa000-7f9c254fc000 r--s 00006000 ca:01 278037                     /usr/local/hadoop/share/hadoop/common/lib/kerby-config-1.0.1.jar
7f9c254fc000-7f9c25505000 r--s 0006f000 ca:01 277991                     /usr/local/hadoop/share/hadoop/common/lib/log4j-1.2.17.jar
7f9c25505000-7f9c25508000 r--s 00011000 ca:01 277987                     /usr/local/hadoop/share/hadoop/common/lib/kerb-admin-1.0.1.jar
7f9c25508000-7f9c2550b000 r--s 00012000 ca:01 278002                     /usr/local/hadoop/share/hadoop/common/lib/metrics-core-3.0.1.jar
7f9c2550b000-7f9c2550c000 r--s 00004000 ca:01 278035                     /usr/local/hadoop/share/hadoop/common/lib/token-provider-1.0.1.jar
7f9c2550c000-7f9c2551d000 r--s 00116000 ca:01 278056                     /usr/local/hadoop/share/hadoop/common/lib/jackson-databind-2.7.8.jar
7f9c2551d000-7f9c25520000 r--s 00012000 ca:01 278030                     /usr/local/hadoop/share/hadoop/common/lib/kerb-server-1.0.1.jar
7f9c25520000-7f9c25524000 r--s 0001c000 ca:01 278024                     /usr/local/hadoop/share/hadoop/common/lib/jersey-servlet-1.19.jar
7f9c25524000-7f9c25545000 r--s 00172000 ca:01 278036                     /usr/local/hadoop/share/hadoop/common/lib/guava-11.0.2.jar
7f9c25545000-7f9c25547000 r--s 00017000 ca:01 278061                     /usr/local/hadoop/share/hadoop/common/lib/kerby-asn1-1.0.1.jar
7f9c25547000-7f9c2554b000 r--s 00024000 ca:01 278029                     /usr/local/hadoop/share/hadoop/common/lib/stax2-api-3.1.4.jar
7f9c2554b000-7f9c2554c000 r--s 00009000 ca:01 277986                     /usr/local/hadoop/share/hadoop/common/lib/kerby-util-1.0.1.jar
7f9c2554c000-7f9c2554d000 r--s 00002000 ca:01 277995                     /usr/local/hadoop/share/hadoop/common/lib/slf4j-log4j12-1.7.25.jar
7f9c2554d000-7f9c25550000 r--s 00006000 ca:01 278059                     /usr/local/hadoop/share/hadoop/common/lib/jsr305-3.0.0.jar
7f9c25550000-7f9c25559000 r--s 00062000 ca:01 278072                     /usr/local/hadoop/share/hadoop/common/lib/avro-1.7.7.jar
7f9c25559000-7f9c2555c000 r--s 0003b000 ca:01 278062                     /usr/local/hadoop/share/hadoop/common/lib/jackson-core-2.7.8.jar
7f9c2555c000-7f9c2555f000 r--s 00016000 ca:01 277992                     /usr/local/hadoop/share/hadoop/common/lib/jaxb-api-2.2.11.jar
7f9c2555f000-7f9c25561000 r--s 0000e000 ca:01 278027                     /usr/local/hadoop/share/hadoop/common/lib/commons-logging-1.1.3.jar
7f9c25561000-7f9c25564000 r--s 00019000 ca:01 278064                     /usr/local/hadoop/share/hadoop/common/lib/kerb-client-1.0.1.jar
7f9c25564000-7f9c25568000 r--s 00014000 ca:01 278013                     /usr/local/hadoop/share/hadoop/common/lib/xz-1.0.jar
7f9c25568000-7f9c25576000 r--s 000b1000 ca:01 278043                     /usr/local/hadoop/share/hadoop/common/lib/jackson-mapper-asl-1.9.13.jar
7f9c25576000-7f9c25578000 r--s 00006000 ca:01 278065                     /usr/local/hadoop/share/hadoop/common/lib/accessors-smart-1.2.jar
7f9c25578000-7f9c2557a000 r--s 0000e000 ca:01 278000                     /usr/local/hadoop/share/hadoop/common/lib/kerb-common-1.0.1.jar
7f9c2557a000-7f9c25582000 r--s 0003e000 ca:01 278067                     /usr/local/hadoop/share/hadoop/common/lib/curator-recipes-2.12.0.jar
7f9c25582000-7f9c2559c000 r--s 00155000 ca:01 278026                     /usr/local/hadoop/share/hadoop/common/lib/htrace-core4-4.1.0-incubating.jar
7f9c2559c000-7f9c2559f000 r--s 0001b000 ca:01 278011                     /usr/local/hadoop/share/hadoop/common/lib/jetty-io-9.3.19.v20170502.jar
7f9c2559f000-7f9c255a3000 r--s 00025000 ca:01 278045                     /usr/local/hadoop/share/hadoop/common/lib/jersey-json-1.19.jar
7f9c255a3000-7f9c255a5000 r--s 0001a000 ca:01 278005                     /usr/local/hadoop/share/hadoop/common/lib/jetty-webapp-9.3.19.v20170502.jar
7f9c255a5000-7f9c255a8000 r--s 00015000 ca:01 277988                     /usr/local/hadoop/share/hadoop/common/lib/jetty-security-9.3.19.v20170502.jar
7f9c255a8000-7f9c255ad000 r--s 00036000 ca:01 278018                     /usr/local/hadoop/share/hadoop/common/lib/commons-compress-1.4.1.jar
7f9c255ad000-7f9c255b4000 r--s 00049000 ca:01 278010                     /usr/local/hadoop/share/hadoop/common/lib/httpcore-4.4.4.jar
7f9c255b4000-7f9c255bb000 r--s 00079000 ca:01 278034                     /usr/local/hadoop/share/hadoop/common/lib/jetty-server-9.3.19.v20170502.jar
7f9c255bb000-7f9c255d4000 r--s 0012c000 ca:01 278068                     /usr/local/hadoop/share/hadoop/common/lib/netty-3.10.5.Final.jar
7f9c255d4000-7f9c255d6000 r--s 0000c000 ca:01 277999                     /usr/local/hadoop/share/hadoop/common/lib/asm-5.0.4.jar
7f9c255d6000-7f9c255e9000 r--s 000c7000 ca:01 278006                     /usr/local/hadoop/share/hadoop/common/lib/jaxb-impl-2.2.3-1.jar
7f9c255e9000-7f9c255f6000 r--s 00083000 ca:01 278031                     /usr/local/hadoop/share/hadoop/common/lib/commons-collections-3.2.2.jar
7f9c255f6000-7f9c2562d000 r--s 00219000 ca:01 278058                     /usr/local/hadoop/share/hadoop/common/lib/curator-client-2.12.0.jar
7f9c2562d000-7f9c25634000 r--s 0002b000 ca:01 278032                     /usr/local/hadoop/share/hadoop/common/lib/kerby-pkix-1.0.1.jar
7f9c25634000-7f9c25651000 r--s 0013e000 ca:01 278055                     /usr/local/hadoop/share/hadoop/common/lib/mockito-all-1.8.5.jar
7f9c25651000-7f9c25652000 r--s 00008000 ca:01 277993                     /usr/local/hadoop/share/hadoop/common/lib/kerb-util-1.0.1.jar
7f9c25652000-7f9c25655000 r--s 0001b000 ca:01 278051                     /usr/local/hadoop/share/hadoop/common/lib/jetty-servlet-9.3.19.v20170502.jar
7f9c25655000-7f9c2565a000 r--s 0003e000 ca:01 278046                     /usr/local/hadoop/share/hadoop/common/lib/commons-net-3.1.jar
7f9c2565a000-7f9c2565e000 r--s 0002a000 ca:01 278066                     /usr/local/hadoop/share/hadoop/common/lib/commons-io-2.4.jar
7f9c2565e000-7f9c25663000 r--s 00040000 ca:01 278028                     /usr/local/hadoop/share/hadoop/common/lib/jsch-0.1.54.jar
7f9c25663000-7f9c2566b000 r--s 0007b000 ca:01 278071                     /usr/local/hadoop/share/hadoop/common/lib/protobuf-java-2.5.0.jar
7f9c2566b000-7f9c25670000 r--s 0002a000 ca:01 277996                     /usr/local/hadoop/share/hadoop/common/lib/gson-2.2.4.jar
7f9c25670000-7f9c2567d000 r--s 000b9000 ca:01 278060                     /usr/local/hadoop/share/hadoop/common/lib/zookeeper-3.4.9.jar
7f9c2567d000-7f9c25683000 r--s 00044000 ca:01 278052                     /usr/local/hadoop/share/hadoop/common/lib/nimbus-jose-jwt-4.41.1.jar
7f9c25683000-7f9c256a0000 r--s 0016a000 ca:01 278017                     /usr/local/hadoop/share/hadoop/common/lib/commons-math3-3.1.1.jar
7f9c256a0000-7f9c256a6000 r--s 00036000 ca:01 278025                     /usr/local/hadoop/share/hadoop/common/lib/junit-4.11.jar
7f9c256a6000-7f9c256ac000 r--s 00078000 ca:01 278023                     /usr/local/hadoop/share/hadoop/common/lib/woodstox-core-5.0.3.jar
7f9c256ac000-7f9c256b0000 r--s 00035000 ca:01 278048                     /usr/local/hadoop/share/hadoop/common/lib/jackson-core-asl-1.9.13.jar
7f9c256b0000-7f9c256c0000 r--s 0009c000 ca:01 278063                     /usr/local/hadoop/share/hadoop/common/lib/jersey-server-1.19.jar
7f9c256c0000-7f9c256c1000 ---p 00000000 00:00 0 
7f9c256c1000-7f9c257c1000 rw-p 00000000 00:00 0 
7f9c257c1000-7f9c257c4000 ---p 00000000 00:00 0 
7f9c257c4000-7f9c258c2000 rw-p 00000000 00:00 0 
7f9c258c2000-7f9c258c5000 ---p 00000000 00:00 0 
7f9c258c5000-7f9c259c3000 rw-p 00000000 00:00 0 
7f9c259c3000-7f9c259c6000 ---p 00000000 00:00 0 
7f9c259c6000-7f9c25ac4000 rw-p 00000000 00:00 0 
7f9c25ac4000-7f9c25ac7000 ---p 00000000 00:00 0 
7f9c25ac7000-7f9c25bc5000 rw-p 00000000 00:00 0 
7f9c25bc5000-7f9c25bc8000 ---p 00000000 00:00 0 
7f9c25bc8000-7f9c25cc6000 rw-p 00000000 00:00 0 
7f9c25cc6000-7f9c25cc9000 ---p 00000000 00:00 0 
7f9c25cc9000-7f9c25dc7000 rw-p 00000000 00:00 0 
7f9c25dc7000-7f9c25dc8000 ---p 00000000 00:00 0 
7f9c25dc8000-7f9c25f16000 rw-p 00000000 00:00 0 
7f9c25f16000-7f9c260e5000 r--s 04409000 ca:01 148668                     /usr/lib/jvm/java-1.8.0-openjdk-1.8.0.161-0.b14.36.amzn1.x86_64/jre/lib/rt.jar
7f9c260e5000-7f9c269de000 rw-p 00000000 00:00 0 
7f9c269de000-7f9c269f9000 rw-p 00000000 00:00 0 
7f9c269f9000-7f9c26d9e000 ---p 00000000 00:00 0 
7f9c26d9e000-7f9c26da6000 r-xp 00000000 ca:01 278142                     /usr/lib/jvm/java-1.8.0-openjdk-1.8.0.161-0.b14.36.amzn1.x86_64/jre/lib/amd64/libzip.so
7f9c26da6000-7f9c26fa6000 ---p 00008000 ca:01 278142                     /usr/lib/jvm/java-1.8.0-openjdk-1.8.0.161-0.b14.36.amzn1.x86_64/jre/lib/amd64/libzip.so
7f9c26fa6000-7f9c26fa7000 rw-p 00008000 ca:01 278142                     /usr/lib/jvm/java-1.8.0-openjdk-1.8.0.161-0.b14.36.amzn1.x86_64/jre/lib/amd64/libzip.so
7f9c26fa7000-7f9c26fb3000 r-xp 00000000 ca:01 2709                       /lib64/libnss_files-2.17.so
7f9c26fb3000-7f9c271b2000 ---p 0000c000 ca:01 2709                       /lib64/libnss_files-2.17.so
7f9c271b2000-7f9c271b3000 r--p 0000b000 ca:01 2709                       /lib64/libnss_files-2.17.so
7f9c271b3000-7f9c271b4000 rw-p 0000c000 ca:01 2709                       /lib64/libnss_files-2.17.so
7f9c271b4000-7f9c271ba000 rw-p 00000000 00:00 0 
7f9c271ba000-7f9c271e8000 r-xp 00000000 ca:01 278124                     /usr/lib/jvm/java-1.8.0-openjdk-1.8.0.161-0.b14.36.amzn1.x86_64/jre/lib/amd64/libjava.so
7f9c271e8000-7f9c273e7000 ---p 0002e000 ca:01 278124                     /usr/lib/jvm/java-1.8.0-openjdk-1.8.0.161-0.b14.36.amzn1.x86_64/jre/lib/amd64/libjava.so
7f9c273e7000-7f9c273e9000 rw-p 0002d000 ca:01 278124                     /usr/lib/jvm/java-1.8.0-openjdk-1.8.0.161-0.b14.36.amzn1.x86_64/jre/lib/amd64/libjava.so
7f9c273e9000-7f9c273f6000 r-xp 00000000 ca:01 278141                     /usr/lib/jvm/java-1.8.0-openjdk-1.8.0.161-0.b14.36.amzn1.x86_64/jre/lib/amd64/libverify.so
7f9c273f6000-7f9c275f5000 ---p 0000d000 ca:01 278141                     /usr/lib/jvm/java-1.8.0-openjdk-1.8.0.161-0.b14.36.amzn1.x86_64/jre/lib/amd64/libverify.so
7f9c275f5000-7f9c275f7000 rw-p 0000c000 ca:01 278141                     /usr/lib/jvm/java-1.8.0-openjdk-1.8.0.161-0.b14.36.amzn1.x86_64/jre/lib/amd64/libverify.so
7f9c275f7000-7f9c275fe000 r-xp 00000000 ca:01 2721                       /lib64/librt-2.17.so
7f9c275fe000-7f9c277fd000 ---p 00007000 ca:01 2721                       /lib64/librt-2.17.so
7f9c277fd000-7f9c277fe000 r--p 00006000 ca:01 2721                       /lib64/librt-2.17.so
7f9c277fe000-7f9c277ff000 rw-p 00007000 ca:01 2721                       /lib64/librt-2.17.so
7f9c277ff000-7f9c27815000 r-xp 00000000 ca:01 2617                       /lib64/libgcc_s-7-20170915.so.1
7f9c27815000-7f9c27a14000 ---p 00016000 ca:01 2617                       /lib64/libgcc_s-7-20170915.so.1
7f9c27a14000-7f9c27a15000 rw-p 00015000 ca:01 2617                       /lib64/libgcc_s-7-20170915.so.1
7f9c27a15000-7f9c27b16000 r-xp 00000000 ca:01 2699                       /lib64/libm-2.17.so
7f9c27b16000-7f9c27d15000 ---p 00101000 ca:01 2699                       /lib64/libm-2.17.so
7f9c27d15000-7f9c27d16000 r--p 00100000 ca:01 2699                       /lib64/libm-2.17.so
7f9c27d16000-7f9c27d17000 rw-p 00101000 ca:01 2699                       /lib64/libm-2.17.so
7f9c27d17000-7f9c27e8c000 r-xp 00000000 ca:01 2936                       /usr/lib64/libstdc++.so.6.0.24
7f9c27e8c000-7f9c2808c000 ---p 00175000 ca:01 2936                       /usr/lib64/libstdc++.so.6.0.24
7f9c2808c000-7f9c28096000 r--p 00175000 ca:01 2936                       /usr/lib64/libstdc++.so.6.0.24
7f9c28096000-7f9c28098000 rw-p 0017f000 ca:01 2936                       /usr/lib64/libstdc++.so.6.0.24
7f9c28098000-7f9c2809c000 rw-p 00000000 00:00 0 
7f9c2809c000-7f9c28d62000 r-xp 00000000 ca:01 278146                     /usr/lib/jvm/java-1.8.0-openjdk-1.8.0.161-0.b14.36.amzn1.x86_64/jre/lib/amd64/server/libjvm.so
7f9c28d62000-7f9c28f62000 ---p 00cc6000 ca:01 278146                     /usr/lib/jvm/java-1.8.0-openjdk-1.8.0.161-0.b14.36.amzn1.x86_64/jre/lib/amd64/server/libjvm.so
7f9c28f62000-7f9c29036000 rw-p 00cc6000 ca:01 278146                     /usr/lib/jvm/java-1.8.0-openjdk-1.8.0.161-0.b14.36.amzn1.x86_64/jre/lib/amd64/server/libjvm.so
7f9c29036000-7f9c29068000 rw-p 00000000 00:00 0 
7f9c29068000-7f9c29222000 r-xp 00000000 ca:01 2691                       /lib64/libc-2.17.so
7f9c29222000-7f9c29421000 ---p 001ba000 ca:01 2691                       /lib64/libc-2.17.so
7f9c29421000-7f9c29425000 r--p 001b9000 ca:01 2691                       /lib64/libc-2.17.so
7f9c29425000-7f9c29427000 rw-p 001bd000 ca:01 2691                       /lib64/libc-2.17.so
7f9c29427000-7f9c2942c000 rw-p 00000000 00:00 0 
7f9c2942c000-7f9c2942e000 r-xp 00000000 ca:01 2697                       /lib64/libdl-2.17.so
7f9c2942e000-7f9c2962e000 ---p 00002000 ca:01 2697                       /lib64/libdl-2.17.so
7f9c2962e000-7f9c2962f000 r--p 00002000 ca:01 2697                       /lib64/libdl-2.17.so
7f9c2962f000-7f9c29630000 rw-p 00003000 ca:01 2697                       /lib64/libdl-2.17.so
7f9c29630000-7f9c2963e000 r-xp 00000000 ca:01 278111                     /usr/lib/jvm/java-1.8.0-openjdk-1.8.0.161-0.b14.36.amzn1.x86_64/jre/lib/amd64/jli/libjli.so
7f9c2963e000-7f9c2983d000 ---p 0000e000 ca:01 278111                     /usr/lib/jvm/java-1.8.0-openjdk-1.8.0.161-0.b14.36.amzn1.x86_64/jre/lib/amd64/jli/libjli.so
7f9c2983d000-7f9c2983e000 rw-p 0000d000 ca:01 278111                     /usr/lib/jvm/java-1.8.0-openjdk-1.8.0.161-0.b14.36.amzn1.x86_64/jre/lib/amd64/jli/libjli.so
7f9c2983e000-7f9c29853000 r-xp 00000000 ca:01 2837                       /lib64/libz.so.1.2.8
7f9c29853000-7f9c29a52000 ---p 00015000 ca:01 2837                       /lib64/libz.so.1.2.8
7f9c29a52000-7f9c29a53000 r--p 00014000 ca:01 2837                       /lib64/libz.so.1.2.8
7f9c29a53000-7f9c29a54000 rw-p 00015000 ca:01 2837                       /lib64/libz.so.1.2.8
7f9c29a54000-7f9c29a6b000 r-xp 00000000 ca:01 2717                       /lib64/libpthread-2.17.so
7f9c29a6b000-7f9c29c6a000 ---p 00017000 ca:01 2717                       /lib64/libpthread-2.17.so
7f9c29c6a000-7f9c29c6b000 r--p 00016000 ca:01 2717                       /lib64/libpthread-2.17.so
7f9c29c6b000-7f9c29c6c000 rw-p 00017000 ca:01 2717                       /lib64/libpthread-2.17.so
7f9c29c6c000-7f9c29c70000 rw-p 00000000 00:00 0 
7f9c29c70000-7f9c29c91000 r-xp 00000000 ca:01 2684                       /lib64/ld-2.17.so
7f9c29c91000-7f9c29c93000 r--s 00130000 ca:01 278016                     /usr/local/hadoop/share/hadoop/common/lib/snappy-java-1.0.5.jar
7f9c29c93000-7f9c29c95000 r--s 00000000 ca:01 277994                     /usr/local/hadoop/share/hadoop/common/lib/jcip-annotations-1.0-1.jar
7f9c29c95000-7f9c29c97000 r--s 00009000 ca:01 278053                     /usr/local/hadoop/share/hadoop/common/lib/slf4j-api-1.7.25.jar
7f9c29c97000-7f9c29c99000 r--s 0000f000 ca:01 278040                     /usr/local/hadoop/share/hadoop/common/lib/jettison-1.1.jar
7f9c29c99000-7f9c29ca0000 r--s 00031000 ca:01 278004                     /usr/local/hadoop/share/hadoop/common/lib/kerb-core-1.0.1.jar
7f9c29ca0000-7f9c29ca2000 r--s 00006000 ca:01 278069                     /usr/local/hadoop/share/hadoop/common/lib/paranamer-2.3.jar
7f9c29ca2000-7f9c29ca5000 r--s 00022000 ca:01 278044                     /usr/local/hadoop/share/hadoop/common/lib/jetty-http-9.3.19.v20170502.jar
7f9c29ca5000-7f9c29cab000 r--s 0002c000 ca:01 278008                     /usr/local/hadoop/share/hadoop/common/lib/curator-framework-2.12.0.jar
7f9c29cab000-7f9c29cd4000 rw-p 00000000 00:00 0 
7f9c29cd4000-7f9c29cff000 ---p 00000000 00:00 0 
7f9c29cff000-7f9c29d14000 rw-p 00000000 00:00 0 
7f9c29d14000-7f9c29d28000 ---p 00000000 00:00 0 
7f9c29d28000-7f9c29d52000 rw-p 00000000 00:00 0 
7f9c29d52000-7f9c29d7c000 ---p 00000000 00:00 0 
7f9c29d7c000-7f9c29d7d000 rw-p 00000000 00:00 0 
7f9c29d7d000-7f9c29d85000 rw-s 00000000 ca:01 279714                     /tmp/hsperfdata_ec2-user/25290
7f9c29d85000-7f9c29d88000 ---p 00000000 00:00 0 
7f9c29d88000-7f9c29e8b000 rw-p 00000000 00:00 0 
7f9c29e8b000-7f9c29e8c000 r--s 00004000 ca:01 278033                     /usr/local/hadoop/share/hadoop/common/lib/jackson-jaxrs-1.9.13.jar
7f9c29e8c000-7f9c29e8e000 r--s 0000a000 ca:01 278038                     /usr/local/hadoop/share/hadoop/common/lib/jsr311-api-1.1.1.jar
7f9c29e8e000-7f9c29e8f000 rw-p 00000000 00:00 0 
7f9c29e8f000-7f9c29e90000 ---p 00000000 00:00 0 
7f9c29e90000-7f9c29e91000 rw-p 00000000 00:00 0 
7f9c29e91000-7f9c29e92000 r--p 00021000 ca:01 2684                       /lib64/ld-2.17.so
7f9c29e92000-7f9c29e93000 rw-p 00022000 ca:01 2684                       /lib64/ld-2.17.so
7f9c29e93000-7f9c29e94000 rw-p 00000000 00:00 0 
7ffc66529000-7ffc6654b000 rw-p 00000000 00:00 0                          [stack]
7ffc66578000-7ffc6657a000 r--p 00000000 00:00 0                          [vvar]
7ffc6657a000-7ffc6657c000 r-xp 00000000 00:00 0                          [vdso]
ffffffffff600000-ffffffffff601000 r-xp 00000000 00:00 0                  [vsyscall]

VM Arguments:
jvm_args: -Dproc_jar -Djava.library.path=/usr/local/hadoop/lib -Dyarn.log.dir=/usr/local/hadoop/logs -Dyarn.log.file=hadoop.log -Dyarn.home.dir=/usr/local/hadoop -Dyarn.root.logger=INFO,console -Dhadoop.log.dir=/usr/local/hadoop/logs -Dhadoop.log.file=hadoop.log -Dhadoop.home.dir=/usr/local/hadoop -Dhadoop.id.str=ec2-user -Dhadoop.root.logger=INFO,console -Dhadoop.policy.file=hadoop-policy.xml -Dhadoop.security.logger=INFO,NullAppender 
java_command: org.apache.hadoop.util.RunJar WordCount.jar WordCount /input/data /out
java_class_path (initial): /usr/local/hadoop/etc/hadoop:/usr/local/hadoop/share/hadoop/common/lib/jsr311-api-1.1.1.jar:/usr/local/hadoop/share/hadoop/common/lib/curator-framework-2.12.0.jar:/usr/local/hadoop/share/hadoop/common/lib/jetty-http-9.3.19.v20170502.jar:/usr/local/hadoop/share/hadoop/common/lib/paranamer-2.3.jar:/usr/local/hadoop/share/hadoop/common/lib/kerb-core-1.0.1.jar:/usr/local/hadoop/share/hadoop/common/lib/jettison-1.1.jar:/usr/local/hadoop/share/hadoop/common/lib/jersey-server-1.19.jar:/usr/local/hadoop/share/hadoop/common/lib/slf4j-api-1.7.25.jar:/usr/local/hadoop/share/hadoop/common/lib/jcip-annotations-1.0-1.jar:/usr/local/hadoop/share/hadoop/common/lib/jackson-core-asl-1.9.13.jar:/usr/local/hadoop/share/hadoop/common/lib/woodstox-core-5.0.3.jar:/usr/local/hadoop/share/hadoop/common/lib/junit-4.11.jar:/usr/local/hadoop/share/hadoop/common/lib/commons-math3-3.1.1.jar:/usr/local/hadoop/share/hadoop/common/lib/nimbus-jose-jwt-4.41.1.jar:/usr/local/hadoop/share/hadoop/common/lib/jackson-jaxrs-1.9.13.jar:/usr/local/hadoop/share/hadoop/common/lib/zookeeper-3.4.9.jar:/usr/local/hadoop/share/hadoop/common/lib/gson-2.2.4.jar:/usr/local/hadoop/share/hadoop/common/lib/protobuf-java-2.5.0.jar:/usr/local/hadoop/share/hadoop/common/lib/jsch-0.1.54.jar:/usr/local/hadoop/share/hadoop/common/lib/commons-io-2.4.jar:/usr/local/hadoop/share/hadoop/common/lib/commons-net-3.1.jar:/usr/local/hadoop/share/hadoop/common/lib/snappy-java-1.0.5.jar:/usr/local/hadoop/share/hadoop/common/lib/jetty-servlet-9.3.19.v20170502.jar:/usr/local/hadoop/share/hadoop/common/lib/kerb-util-1.0.1.jar:/usr/local/hadoop/share/hadoop/common/lib/mockito-all-1.8.5.jar:/usr/local/hadoop/share/hadoop/common/lib/kerby-pkix-1.0.1.jar:/usr/local/hadoop/share/hadoop/common/lib/curator-client-2.12.0.jar:/usr/local/hadoop/share/hadoop/common/lib/commons-collections-3.2.2.jar:/usr/local/hadoop/share/hadoop/common/lib/jaxb-impl-2.2.3-1.jar:/usr/local/hadoop/share/hadoop/common/lib/asm-5.0.4.jar:/usr/
Launcher Type: SUN_STANDARD

Environment Variables:
JAVA_HOME=/usr/lib/jvm/java-1.8.0-openjdk-1.8.0.161-0.b14.36.amzn1.x86_64/jre
CLASSPATH=/usr/local/hadoop/etc/hadoop:/usr/local/hadoop/share/hadoop/common/lib/*:/usr/local/hadoop/share/hadoop/common/*:/usr/local/hadoop/share/hadoop/hdfs:/usr/local/hadoop/share/hadoop/hdfs/lib/*:/usr/local/hadoop/share/hadoop/hdfs/*:/usr/local/hadoop/share/hadoop/mapreduce/*:/usr/local/hadoop/share/hadoop/yarn:/usr/local/hadoop/share/hadoop/yarn/lib/*:/usr/local/hadoop/share/hadoop/yarn/*
PATH=/usr/local/bin:/bin:/usr/bin:/usr/local/sbin:/usr/sbin:/sbin:/opt/aws/bin:/usr/lib/jvm/java-1.8.0-openjdk-1.8.0.161-0.b14.36.amzn1.x86_64/jre/bin:/usr/local/hadoop/bin:/usr/local/hadoop/sbin:/home/ec2-user/.local/bin:/home/ec2-user/bin
SHELL=/bin/bash

Signal Handlers:
SIGSEGV: [libjvm.so+0xab4fb0], sa_mask[0]=11111111011111111101111111111110, sa_flags=SA_RESTART|SA_SIGINFO
SIGBUS: [libjvm.so+0xab4fb0], sa_mask[0]=11111111011111111101111111111110, sa_flags=SA_RESTART|SA_SIGINFO
SIGFPE: [libjvm.so+0x8ac610], sa_mask[0]=11111111011111111101111111111110, sa_flags=SA_RESTART|SA_SIGINFO
SIGPIPE: SIG_IGN, sa_mask[0]=00000000000000000000000000000000, sa_flags=none
SIGXFSZ: [libjvm.so+0x8ac610], sa_mask[0]=11111111011111111101111111111110, sa_flags=SA_RESTART|SA_SIGINFO
SIGILL: [libjvm.so+0x8ac610], sa_mask[0]=11111111011111111101111111111110, sa_flags=SA_RESTART|SA_SIGINFO
SIGUSR1: SIG_DFL, sa_mask[0]=00000000000000000000000000000000, sa_flags=none
SIGUSR2: [libjvm.so+0x8ac4c0], sa_mask[0]=00000000000000000000000000000000, sa_flags=SA_RESTART|SA_SIGINFO
SIGHUP: [libjvm.so+0x8ac6d0], sa_mask[0]=11111111011111111101111111111110, sa_flags=SA_RESTART|SA_SIGINFO
SIGINT: [libjvm.so+0x8ac6d0], sa_mask[0]=11111111011111111101111111111110, sa_flags=SA_RESTART|SA_SIGINFO
SIGTERM: [libjvm.so+0x8ac6d0], sa_mask[0]=11111111011111111101111111111110, sa_flags=SA_RESTART|SA_SIGINFO
SIGQUIT: [libjvm.so+0x8ac6d0], sa_mask[0]=11111111011111111101111111111110, sa_flags=SA_RESTART|SA_SIGINFO


---------------  S Y S T E M  ---------------

OS:Amazon Linux AMI release 2017.09

uname:Linux 4.9.77-31.58.amzn1.x86_64 #1 SMP Thu Jan 18 22:15:23 UTC 2018 x86_64
libc:glibc 2.17 NPTL 2.17 
rlimit: STACK 8192k, CORE 0k, NPROC 3902, NOFILE 4096, AS infinity
load average:0.29 0.08 0.02

/proc/meminfo:
MemTotal:        1017056 kB
MemFree:          101688 kB
MemAvailable:      58284 kB
Buffers:            1072 kB
Cached:            41704 kB
SwapCached:            0 kB
Active:           839876 kB
Inactive:          22196 kB
Active(anon):     819352 kB
Inactive(anon):       48 kB
Active(file):      20524 kB
Inactive(file):    22148 kB
Unevictable:           0 kB
Mlocked:               0 kB
SwapTotal:             0 kB
SwapFree:              0 kB
Dirty:              3796 kB
Writeback:             0 kB
AnonPages:        819344 kB
Mapped:            26512 kB
Shmem:                56 kB
Slab:              27864 kB
SReclaimable:      13344 kB
SUnreclaim:        14520 kB
KernelStack:        8592 kB
PageTables:         6844 kB
NFS_Unstable:          0 kB
Bounce:                0 kB
WritebackTmp:          0 kB
CommitLimit:      508528 kB
Committed_AS:    1165092 kB
VmallocTotal:   34359738367 kB
VmallocUsed:           0 kB
VmallocChunk:          0 kB
AnonHugePages:         0 kB
ShmemHugePages:        0 kB
ShmemPmdMapped:        0 kB
HugePages_Total:       0
HugePages_Free:        0
HugePages_Rsvd:        0
HugePages_Surp:        0
Hugepagesize:       2048 kB
DirectMap4k:       12288 kB
DirectMap2M:     1036288 kB


CPU:total 1 (initial active 1) (1 cores per cpu, 1 threads per core) family 6 model 63 stepping 2, cmov, cx8, fxsr, mmx, sse, sse2, sse3, ssse3, sse4.1, sse4.2, popcnt, avx, avx2, aes, clmul, erms, lzcnt, tsc, bmi1, bmi2

/proc/cpuinfo:
processor	: 0
vendor_id	: GenuineIntel
cpu family	: 6
model		: 63
model name	: Intel(R) Xeon(R) CPU E5-2676 v3 @ 2.40GHz
stepping	: 2
microcode	: 0x3b
cpu MHz		: 2399.982
cache size	: 30720 KB
physical id	: 0
siblings	: 1
core id		: 0
cpu cores	: 1
apicid		: 0
initial apicid	: 0
fpu		: yes
fpu_exception	: yes
cpuid level	: 13
wp		: yes
flags		: fpu vme de pse tsc msr pae mce cx8 apic sep mtrr pge mca cmov pat pse36 clflush mmx fxsr sse sse2 ht syscall nx rdtscp lm constant_tsc rep_good nopl xtopology eagerfpu pni pclmulqdq ssse3 fma cx16 pcid sse4_1 sse4_2 x2apic movbe popcnt tsc_deadline_timer aes xsave avx f16c rdrand hypervisor lahf_lm abm invpcid_single retpoline kaiser fsgsbase bmi1 avx2 smep bmi2 erms invpcid xsaveopt
bugs		: cpu_meltdown spectre_v1 spectre_v2
bogomips	: 4800.09
clflush size	: 64
cache_alignment	: 64
address sizes	: 46 bits physical, 48 bits virtual
power management:



Memory: 4k page, physical 1017056k(101688k free), swap 0k(0k free)

vm_info: OpenJDK 64-Bit Server VM (25.161-b14) for linux-amd64 JRE (1.8.0_161-b14), built on Feb  7 2018 00:32:17 by "mockbuild" with gcc 4.8.5 20150623 (Red Hat 4.8.5-11)

time: Sat Feb 10 21:31:54 2018
elapsed time: 6 seconds (0d 0h 0m 6s)

